Using pre-set license
Built from '2021.3/staging' branch; Version is '2021.3.31f1 (3409e2af086f) revision 3410402'; Using compiler version '192829333'; Build Type 'Release'
OS: 'Windows 10  (10.0.19045) 64bit Education' Language: 'en' Physical Memory: 32581 MB
BatchMode: 1, IsHumanControllingUs: 0, StartBugReporterOnCrash: 0, Is64bit: 1, IsPro: 1

COMMAND LINE ARGUMENTS:
C:\Program Files\Unity\Hub\Editor\2021.3.31f1\Editor\Unity.exe
-adb2
-batchMode
-noUpm
-name
AssetImportWorker36
-projectPath
C:/Users/s215175/Documents/Git/CGS_3D_Dungeon_Generator-/CGS_Dungeon_Generator_plugin
-logFile
Logs/AssetImportWorker36.log
-srvPort
56870
Successfully changed project path to: C:/Users/s215175/Documents/Git/CGS_3D_Dungeon_Generator-/CGS_Dungeon_Generator_plugin
C:/Users/s215175/Documents/Git/CGS_3D_Dungeon_Generator-/CGS_Dungeon_Generator_plugin
[UnityMemory] Configuration Parameters - Can be set up in boot.config
    "memorysetup-bucket-allocator-granularity=16"
    "memorysetup-bucket-allocator-bucket-count=8"
    "memorysetup-bucket-allocator-block-size=33554432"
    "memorysetup-bucket-allocator-block-count=8"
    "memorysetup-main-allocator-block-size=16777216"
    "memorysetup-thread-allocator-block-size=16777216"
    "memorysetup-gfx-main-allocator-block-size=16777216"
    "memorysetup-gfx-thread-allocator-block-size=16777216"
    "memorysetup-cache-allocator-block-size=4194304"
    "memorysetup-typetree-allocator-block-size=2097152"
    "memorysetup-profiler-bucket-allocator-granularity=16"
    "memorysetup-profiler-bucket-allocator-bucket-count=8"
    "memorysetup-profiler-bucket-allocator-block-size=33554432"
    "memorysetup-profiler-bucket-allocator-block-count=8"
    "memorysetup-profiler-allocator-block-size=16777216"
    "memorysetup-profiler-editor-allocator-block-size=1048576"
    "memorysetup-temp-allocator-size-main=16777216"
    "memorysetup-job-temp-allocator-block-size=2097152"
    "memorysetup-job-temp-allocator-block-size-background=1048576"
    "memorysetup-job-temp-allocator-reduction-small-platforms=262144"
    "memorysetup-temp-allocator-size-background-worker=32768"
    "memorysetup-temp-allocator-size-job-worker=262144"
    "memorysetup-temp-allocator-size-preload-manager=33554432"
    "memorysetup-temp-allocator-size-nav-mesh-worker=65536"
    "memorysetup-temp-allocator-size-audio-worker=65536"
    "memorysetup-temp-allocator-size-cloud-worker=32768"
    "memorysetup-temp-allocator-size-gi-baking-worker=262144"
    "memorysetup-temp-allocator-size-gfx=262144"
Player connection [35132] Host "[IP] 10.10.1.248 [Port] 0 [Flags] 2 [Guid] 1853741313 [EditorId] 1853741313 [Version] 1048832 [Id] WindowsEditor(7,CAN-AEA23A) [Debug] 1 [PackageName] WindowsEditor [ProjectName] Editor" joined multi-casting on [225.0.0.222:54997]...

Player connection [35132] Host "[IP] 10.10.1.248 [Port] 0 [Flags] 2 [Guid] 1853741313 [EditorId] 1853741313 [Version] 1048832 [Id] WindowsEditor(7,CAN-AEA23A) [Debug] 1 [PackageName] WindowsEditor [ProjectName] Editor" joined alternative multi-casting on [225.0.0.222:34997]...

[Physics::Module] Initialized MultithreadedJobDispatcher with {0} workers.
Refreshing native plugins compatible for Editor in 65.99 ms, found 3 plugins.
Preloading 0 native plugins for Editor in 0.00 ms.
Initialize engine version: 2021.3.31f1 (3409e2af086f)
[Subsystems] Discovering subsystems at path C:/Program Files/Unity/Hub/Editor/2021.3.31f1/Editor/Data/Resources/UnitySubsystems
[Subsystems] Discovering subsystems at path C:/Users/s215175/Documents/Git/CGS_3D_Dungeon_Generator-/CGS_Dungeon_Generator_plugin/Assets
GfxDevice: creating device client; threaded=0; jobified=0
Direct3D:
    Version:  Direct3D 11.0 [level 11.1]
    Renderer: NVIDIA GeForce RTX 4060 Ti (ID=0x2805)
    Vendor:   NVIDIA
    VRAM:     16123 MB
    Driver:   31.0.15.4617
Initialize mono
Mono path[0] = 'C:/Program Files/Unity/Hub/Editor/2021.3.31f1/Editor/Data/Managed'
Mono path[1] = 'C:/Program Files/Unity/Hub/Editor/2021.3.31f1/Editor/Data/MonoBleedingEdge/lib/mono/unityjit-win32'
Mono config path = 'C:/Program Files/Unity/Hub/Editor/2021.3.31f1/Editor/Data/MonoBleedingEdge/etc'
Using monoOptions --debugger-agent=transport=dt_socket,embedding=1,server=y,suspend=n,address=127.0.0.1:56792
Begin MonoManager ReloadAssembly
Registering precompiled unity dll's ...
Register platform support module: C:/Program Files/Unity/Hub/Editor/2021.3.31f1/Editor/Data/PlaybackEngines/WebGLSupport/UnityEditor.WebGL.Extensions.dll
Register platform support module: C:/Program Files/Unity/Hub/Editor/2021.3.31f1/Editor/Data/PlaybackEngines/AndroidPlayer/UnityEditor.Android.Extensions.dll
Register platform support module: C:/Program Files/Unity/Hub/Editor/2021.3.31f1/Editor/Data/PlaybackEngines/iOSSupport/UnityEditor.iOS.Extensions.dll
Register platform support module: C:/Program Files/Unity/Hub/Editor/2021.3.31f1/Editor/Data/PlaybackEngines/WindowsStandaloneSupport/UnityEditor.WindowsStandalone.Extensions.dll
Register platform support module: C:/Program Files/Unity/Hub/Editor/2021.3.31f1/Editor/Data/PlaybackEngines/MetroSupport/UnityEditor.UWP.Extensions.dll
Registered in 0.009000 seconds.
Native extension for UWP target not found
Native extension for WindowsStandalone target not found
[usbmuxd] Start listen thread
[usbmuxd] Listen thread started
Native extension for iOS target not found
Native extension for Android target not found
Native extension for WebGL target not found
Refreshing native plugins compatible for Editor in 64.36 ms, found 3 plugins.
Preloading 0 native plugins for Editor in 0.00 ms.
Mono: successfully reloaded assembly
- Completed reload, in  0.583 seconds
Domain Reload Profiling:
	ReloadAssembly (583ms)
		BeginReloadAssembly (58ms)
			ExecutionOrderSort (0ms)
			DisableScriptedObjects (0ms)
			BackupInstance (0ms)
			ReleaseScriptingObjects (0ms)
			CreateAndSetChildDomain (0ms)
		EndReloadAssembly (438ms)
			LoadAssemblies (58ms)
			RebuildTransferFunctionScriptingTraits (0ms)
			SetupTypeCache (94ms)
			ReleaseScriptCaches (0ms)
			RebuildScriptCaches (27ms)
			SetupLoadedEditorAssemblies (281ms)
				LogAssemblyErrors (0ms)
				InitializePlatformSupportModulesInManaged (96ms)
				SetLoadedEditorAssemblies (0ms)
				RefreshPlugins (64ms)
				BeforeProcessingInitializeOnLoad (1ms)
				ProcessInitializeOnLoadAttributes (76ms)
				ProcessInitializeOnLoadMethodAttributes (42ms)
				AfterProcessingInitializeOnLoad (0ms)
				EditorAssembliesLoaded (0ms)
			ExecutionOrderSort2 (0ms)
			AwakeInstancesAfterBackupRestoration (0ms)
Platform modules already initialized, skipping
Registering precompiled user dll's ...
Registered in 0.004649 seconds.
Begin MonoManager ReloadAssembly
Native extension for UWP target not found
Native extension for WindowsStandalone target not found
Native extension for iOS target not found
Native extension for Android target not found
Native extension for WebGL target not found
Refreshing native plugins compatible for Editor in 0.48 ms, found 3 plugins.
Preloading 0 native plugins for Editor in 0.00 ms.
Package Manager log level set to [2]
[Package Manager] Server::EnsureServerProcessIsRunning -- launch failed, reason: Unity was launched with the -noUpm command-line argument
[Package Manager] Cannot connect to Unity Package Manager local server
Mono: successfully reloaded assembly
- Completed reload, in  1.278 seconds
Domain Reload Profiling:
	ReloadAssembly (1279ms)
		BeginReloadAssembly (98ms)
			ExecutionOrderSort (0ms)
			DisableScriptedObjects (5ms)
			BackupInstance (0ms)
			ReleaseScriptingObjects (0ms)
			CreateAndSetChildDomain (19ms)
		EndReloadAssembly (1091ms)
			LoadAssemblies (68ms)
			RebuildTransferFunctionScriptingTraits (0ms)
			SetupTypeCache (225ms)
			ReleaseScriptCaches (0ms)
			RebuildScriptCaches (48ms)
			SetupLoadedEditorAssemblies (706ms)
				LogAssemblyErrors (0ms)
				InitializePlatformSupportModulesInManaged (28ms)
				SetLoadedEditorAssemblies (0ms)
				RefreshPlugins (1ms)
				BeforeProcessingInitializeOnLoad (74ms)
				ProcessInitializeOnLoadAttributes (579ms)
				ProcessInitializeOnLoadMethodAttributes (18ms)
				AfterProcessingInitializeOnLoad (6ms)
				EditorAssembliesLoaded (0ms)
			ExecutionOrderSort2 (0ms)
			AwakeInstancesAfterBackupRestoration (6ms)
Platform modules already initialized, skipping
========================================================================
Worker process is ready to serve import requests
Launched and connected shader compiler UnityShaderCompiler.exe after 0.03 seconds
Refreshing native plugins compatible for Editor in 0.32 ms, found 3 plugins.
Preloading 0 native plugins for Editor in 0.00 ms.
Unloading 3075 Unused Serialized files (Serialized files now loaded: 0)
Unloading 23 unused Assets / (49.9 MB). Loaded Objects now: 3538.
Memory consumption went from 114.1 MB to 64.2 MB.
Total: 2.259900 ms (FindLiveObjects: 0.128700 ms CreateObjectMapping: 0.036700 ms MarkObjects: 2.053500 ms  DeleteObjects: 0.040500 ms)

AssetImportParameters requested are different than current active one (requested -> active):
  custom:video-decoder-ogg-theora: a1e56fd34408186e4bbccfd4996cb3dc -> 
  custom:container-muxer-webm: aa71ff27fc2769a1b78a27578f13a17b -> 
  custom:container-demuxer-webm: 4f35f7cbe854078d1ac9338744f61a02 -> 
  custom:video-encoder-webm-vp8: eb34c28f22e8b96e1ab97ce403110664 -> 
  custom:CustomObjectIndexerAttribute: bc11b3a6c3213fcdd17b65e7da85e133 -> 
  custom:audio-encoder-webm-vorbis: bf7c407c2cedff20999df2af8eb42d56 -> 
  custom:framework-win-MediaFoundation: 216162199b28c13a410421893ffa2e32 -> 
  custom:SearchIndexIgnoredProperties: e643bd26f0fe6173181afceb89e7c659 -> 
  custom:container-demuxer-ogg: 62fdf1f143b41e24485cea50d1cbac27 -> 
  custom:video-decoder-webm-vp8: 9c59270c3fd7afecdb556c50c9e8de78 -> 
  custom:audio-decoder-ogg-vorbis: bf7c407c2cedff20999df2af8eb42d56 -> 
========================================================================
Received Prepare
Registering precompiled user dll's ...
Registered in 0.004316 seconds.
Begin MonoManager ReloadAssembly
Native extension for UWP target not found
Native extension for WindowsStandalone target not found
Native extension for iOS target not found
Native extension for Android target not found
Native extension for WebGL target not found
Refreshing native plugins compatible for Editor in 0.59 ms, found 3 plugins.
Preloading 0 native plugins for Editor in 0.00 ms.
[Package Manager] Server::EnsureServerProcessIsRunning -- launch failed, reason: Unity was launched with the -noUpm command-line argument
[Package Manager] Cannot connect to Unity Package Manager local server
Mono: successfully reloaded assembly
- Completed reload, in  1.253 seconds
Domain Reload Profiling:
	ReloadAssembly (1254ms)
		BeginReloadAssembly (130ms)
			ExecutionOrderSort (0ms)
			DisableScriptedObjects (5ms)
			BackupInstance (0ms)
			ReleaseScriptingObjects (0ms)
			CreateAndSetChildDomain (33ms)
		EndReloadAssembly (1046ms)
			LoadAssemblies (82ms)
			RebuildTransferFunctionScriptingTraits (0ms)
			SetupTypeCache (214ms)
			ReleaseScriptCaches (1ms)
			RebuildScriptCaches (38ms)
			SetupLoadedEditorAssemblies (682ms)
				LogAssemblyErrors (0ms)
				InitializePlatformSupportModulesInManaged (28ms)
				SetLoadedEditorAssemblies (0ms)
				RefreshPlugins (1ms)
				BeforeProcessingInitializeOnLoad (56ms)
				ProcessInitializeOnLoadAttributes (573ms)
				ProcessInitializeOnLoadMethodAttributes (17ms)
				AfterProcessingInitializeOnLoad (6ms)
				EditorAssembliesLoaded (0ms)
			ExecutionOrderSort2 (0ms)
			AwakeInstancesAfterBackupRestoration (5ms)
Platform modules already initialized, skipping
Refreshing native plugins compatible for Editor in 0.36 ms, found 3 plugins.
Preloading 0 native plugins for Editor in 0.00 ms.
Unloading 3067 Unused Serialized files (Serialized files now loaded: 0)
Unloading 18 unused Assets / (21.9 KB). Loaded Objects now: 3541.
Memory consumption went from 113.7 MB to 113.7 MB.
Total: 2.278600 ms (FindLiveObjects: 0.209500 ms CreateObjectMapping: 0.066600 ms MarkObjects: 1.987900 ms  DeleteObjects: 0.013700 ms)

AssetImportParameters requested are different than current active one (requested -> active):
  custom:video-decoder-ogg-theora: a1e56fd34408186e4bbccfd4996cb3dc -> 
  custom:container-muxer-webm: aa71ff27fc2769a1b78a27578f13a17b -> 
  custom:container-demuxer-webm: 4f35f7cbe854078d1ac9338744f61a02 -> 
  custom:video-encoder-webm-vp8: eb34c28f22e8b96e1ab97ce403110664 -> 
  custom:CustomObjectIndexerAttribute: bc11b3a6c3213fcdd17b65e7da85e133 -> 
  custom:audio-encoder-webm-vorbis: bf7c407c2cedff20999df2af8eb42d56 -> 
  custom:framework-win-MediaFoundation: 216162199b28c13a410421893ffa2e32 -> 
  custom:SearchIndexIgnoredProperties: e643bd26f0fe6173181afceb89e7c659 -> 
  custom:container-demuxer-ogg: 62fdf1f143b41e24485cea50d1cbac27 -> 
  custom:video-decoder-webm-vp8: 9c59270c3fd7afecdb556c50c9e8de78 -> 
  custom:audio-decoder-ogg-vorbis: bf7c407c2cedff20999df2af8eb42d56 -> 
========================================================================
Received Prepare
Registering precompiled user dll's ...
Registered in 0.004590 seconds.
Begin MonoManager ReloadAssembly
Native extension for UWP target not found
Native extension for WindowsStandalone target not found
Native extension for iOS target not found
Native extension for Android target not found
Native extension for WebGL target not found
Refreshing native plugins compatible for Editor in 0.62 ms, found 3 plugins.
Preloading 0 native plugins for Editor in 0.00 ms.
[Package Manager] Server::EnsureServerProcessIsRunning -- launch failed, reason: Unity was launched with the -noUpm command-line argument
[Package Manager] Cannot connect to Unity Package Manager local server
Mono: successfully reloaded assembly
- Completed reload, in  1.232 seconds
Domain Reload Profiling:
	ReloadAssembly (1233ms)
		BeginReloadAssembly (132ms)
			ExecutionOrderSort (0ms)
			DisableScriptedObjects (5ms)
			BackupInstance (0ms)
			ReleaseScriptingObjects (0ms)
			CreateAndSetChildDomain (32ms)
		EndReloadAssembly (1022ms)
			LoadAssemblies (86ms)
			RebuildTransferFunctionScriptingTraits (0ms)
			SetupTypeCache (212ms)
			ReleaseScriptCaches (1ms)
			RebuildScriptCaches (37ms)
			SetupLoadedEditorAssemblies (660ms)
				LogAssemblyErrors (0ms)
				InitializePlatformSupportModulesInManaged (27ms)
				SetLoadedEditorAssemblies (0ms)
				RefreshPlugins (1ms)
				BeforeProcessingInitializeOnLoad (56ms)
				ProcessInitializeOnLoadAttributes (552ms)
				ProcessInitializeOnLoadMethodAttributes (17ms)
				AfterProcessingInitializeOnLoad (6ms)
				EditorAssembliesLoaded (0ms)
			ExecutionOrderSort2 (0ms)
			AwakeInstancesAfterBackupRestoration (5ms)
Platform modules already initialized, skipping
Refreshing native plugins compatible for Editor in 0.33 ms, found 3 plugins.
Preloading 0 native plugins for Editor in 0.00 ms.
Unloading 3067 Unused Serialized files (Serialized files now loaded: 0)
Unloading 18 unused Assets / (21.9 KB). Loaded Objects now: 3544.
Memory consumption went from 113.7 MB to 113.7 MB.
Total: 2.159900 ms (FindLiveObjects: 0.204900 ms CreateObjectMapping: 0.068100 ms MarkObjects: 1.871300 ms  DeleteObjects: 0.014700 ms)

AssetImportParameters requested are different than current active one (requested -> active):
  custom:video-decoder-ogg-theora: a1e56fd34408186e4bbccfd4996cb3dc -> 
  custom:container-muxer-webm: aa71ff27fc2769a1b78a27578f13a17b -> 
  custom:container-demuxer-webm: 4f35f7cbe854078d1ac9338744f61a02 -> 
  custom:video-encoder-webm-vp8: eb34c28f22e8b96e1ab97ce403110664 -> 
  custom:CustomObjectIndexerAttribute: bc11b3a6c3213fcdd17b65e7da85e133 -> 
  custom:audio-encoder-webm-vorbis: bf7c407c2cedff20999df2af8eb42d56 -> 
  custom:framework-win-MediaFoundation: 216162199b28c13a410421893ffa2e32 -> 
  custom:SearchIndexIgnoredProperties: e643bd26f0fe6173181afceb89e7c659 -> 
  custom:container-demuxer-ogg: 62fdf1f143b41e24485cea50d1cbac27 -> 
  custom:video-decoder-webm-vp8: 9c59270c3fd7afecdb556c50c9e8de78 -> 
  custom:audio-decoder-ogg-vorbis: bf7c407c2cedff20999df2af8eb42d56 -> 
========================================================================
Received Prepare
Registering precompiled user dll's ...
Registered in 0.005152 seconds.
Begin MonoManager ReloadAssembly
Native extension for UWP target not found
Native extension for WindowsStandalone target not found
Native extension for iOS target not found
Native extension for Android target not found
Native extension for WebGL target not found
Refreshing native plugins compatible for Editor in 0.57 ms, found 3 plugins.
Preloading 0 native plugins for Editor in 0.00 ms.
[Package Manager] Server::EnsureServerProcessIsRunning -- launch failed, reason: Unity was launched with the -noUpm command-line argument
[Package Manager] Cannot connect to Unity Package Manager local server
Mono: successfully reloaded assembly
- Completed reload, in  1.240 seconds
Domain Reload Profiling:
	ReloadAssembly (1240ms)
		BeginReloadAssembly (136ms)
			ExecutionOrderSort (0ms)
			DisableScriptedObjects (5ms)
			BackupInstance (0ms)
			ReleaseScriptingObjects (0ms)
			CreateAndSetChildDomain (32ms)
		EndReloadAssembly (1024ms)
			LoadAssemblies (88ms)
			RebuildTransferFunctionScriptingTraits (0ms)
			SetupTypeCache (209ms)
			ReleaseScriptCaches (1ms)
			RebuildScriptCaches (37ms)
			SetupLoadedEditorAssemblies (665ms)
				LogAssemblyErrors (0ms)
				InitializePlatformSupportModulesInManaged (27ms)
				SetLoadedEditorAssemblies (0ms)
				RefreshPlugins (1ms)
				BeforeProcessingInitializeOnLoad (55ms)
				ProcessInitializeOnLoadAttributes (559ms)
				ProcessInitializeOnLoadMethodAttributes (17ms)
				AfterProcessingInitializeOnLoad (6ms)
				EditorAssembliesLoaded (0ms)
			ExecutionOrderSort2 (0ms)
			AwakeInstancesAfterBackupRestoration (5ms)
Platform modules already initialized, skipping
Refreshing native plugins compatible for Editor in 0.32 ms, found 3 plugins.
Preloading 0 native plugins for Editor in 0.00 ms.
Unloading 3067 Unused Serialized files (Serialized files now loaded: 0)
Unloading 18 unused Assets / (21.9 KB). Loaded Objects now: 3547.
Memory consumption went from 113.7 MB to 113.7 MB.
Total: 2.271600 ms (FindLiveObjects: 0.200900 ms CreateObjectMapping: 0.066200 ms MarkObjects: 1.991500 ms  DeleteObjects: 0.012400 ms)

AssetImportParameters requested are different than current active one (requested -> active):
  custom:video-decoder-ogg-theora: a1e56fd34408186e4bbccfd4996cb3dc -> 
  custom:container-muxer-webm: aa71ff27fc2769a1b78a27578f13a17b -> 
  custom:container-demuxer-webm: 4f35f7cbe854078d1ac9338744f61a02 -> 
  custom:video-encoder-webm-vp8: eb34c28f22e8b96e1ab97ce403110664 -> 
  custom:CustomObjectIndexerAttribute: bc11b3a6c3213fcdd17b65e7da85e133 -> 
  custom:audio-encoder-webm-vorbis: bf7c407c2cedff20999df2af8eb42d56 -> 
  custom:framework-win-MediaFoundation: 216162199b28c13a410421893ffa2e32 -> 
  custom:SearchIndexIgnoredProperties: e643bd26f0fe6173181afceb89e7c659 -> 
  custom:container-demuxer-ogg: 62fdf1f143b41e24485cea50d1cbac27 -> 
  custom:video-decoder-webm-vp8: 9c59270c3fd7afecdb556c50c9e8de78 -> 
  custom:audio-decoder-ogg-vorbis: bf7c407c2cedff20999df2af8eb42d56 -> 
========================================================================
Received Import Request.
  Time since last request: 1122522.506781 seconds.
  path: Assets/Models/NewMicroModels/AllObjects.prefab
  artifactKey: Guid(54f06c50ff11fbd44853cdc7973f622c) Importer(815301076,1909f56bfc062723c751e8b465ee728b)
Number of updated assets reloaded before import = 0
Start importing Assets/Models/NewMicroModels/AllObjects.prefab using Guid(54f06c50ff11fbd44853cdc7973f622c) Importer(815301076,1909f56bfc062723c751e8b465ee728b)  -> (artifact id: '47c03121eee317291250fced4894201e') in 0.100446 seconds 
Number of asset objects unloaded after import = 514
========================================================================
Received Import Request.
  Time since last request: 34.096136 seconds.
  path: Assets/Models/NewMicroModels/AllObjects 1.prefab
  artifactKey: Guid(c7b67282bd0ccc04fb4b8b43961f52d1) Importer(815301076,1909f56bfc062723c751e8b465ee728b)
Number of updated assets reloaded before import = 0
Start importing Assets/Models/NewMicroModels/AllObjects 1.prefab using Guid(c7b67282bd0ccc04fb4b8b43961f52d1) Importer(815301076,1909f56bfc062723c751e8b465ee728b)  -> (artifact id: '08e8e4dba5947bb619fc488aa48a8c0b') in 0.019059 seconds 
Number of asset objects unloaded after import = 514
========================================================================
Received Import Request.
  Time since last request: 766.399325 seconds.
  path: Assets/Modules/NewMods/Mod_Dirt_Air.asset
  artifactKey: Guid(d393061c97e2d23478825167ea6b9628) Importer(815301076,1909f56bfc062723c751e8b465ee728b)
Number of updated assets reloaded before import = 0
Start importing Assets/Modules/NewMods/Mod_Dirt_Air.asset using Guid(d393061c97e2d23478825167ea6b9628) Importer(815301076,1909f56bfc062723c751e8b465ee728b)  -> (artifact id: '20c953b27215c129ec46aa0c40eefb6c') in 0.075382 seconds 
Number of asset objects unloaded after import = 218
========================================================================
Received Import Request.
  Time since last request: 12.395921 seconds.
  path: Assets/Modules/NewMods/Mod_Dirt_Wall_Corner.asset
  artifactKey: Guid(9bb582bf842fa7e488262913c9db17ab) Importer(815301076,1909f56bfc062723c751e8b465ee728b)
Number of updated assets reloaded before import = 0
Start importing Assets/Modules/NewMods/Mod_Dirt_Wall_Corner.asset using Guid(9bb582bf842fa7e488262913c9db17ab) Importer(815301076,1909f56bfc062723c751e8b465ee728b)  -> (artifact id: '546189ce57efa5211bbf5aba12d04bcd') in 0.003345 seconds 
Number of asset objects unloaded after import = 24
========================================================================
Received Import Request.
  Time since last request: 341.040640 seconds.
  path: Assets/Models/NewMicroModels/Mod_.asset
  artifactKey: Guid(4ab641f8be7e0f849a818a520bc09ebe) Importer(815301076,1909f56bfc062723c751e8b465ee728b)
Number of updated assets reloaded before import = 0
Start importing Assets/Models/NewMicroModels/Mod_.asset using Guid(4ab641f8be7e0f849a818a520bc09ebe) Importer(815301076,1909f56bfc062723c751e8b465ee728b)  -> (artifact id: 'd41d82f02e4356bc4c759ef551b7958b') in 0.007346 seconds 
Number of asset objects unloaded after import = 1
========================================================================
Received Prepare
Registering precompiled user dll's ...
Registered in 0.004851 seconds.
Begin MonoManager ReloadAssembly
Native extension for UWP target not found
Native extension for WindowsStandalone target not found
Native extension for iOS target not found
Native extension for Android target not found
Native extension for WebGL target not found
Refreshing native plugins compatible for Editor in 0.60 ms, found 3 plugins.
Preloading 0 native plugins for Editor in 0.00 ms.
[Package Manager] Server::EnsureServerProcessIsRunning -- launch failed, reason: Unity was launched with the -noUpm command-line argument
[Package Manager] Cannot connect to Unity Package Manager local server
Mono: successfully reloaded assembly
- Completed reload, in  1.242 seconds
Domain Reload Profiling:
	ReloadAssembly (1243ms)
		BeginReloadAssembly (132ms)
			ExecutionOrderSort (0ms)
			DisableScriptedObjects (4ms)
			BackupInstance (0ms)
			ReleaseScriptingObjects (0ms)
			CreateAndSetChildDomain (33ms)
		EndReloadAssembly (1032ms)
			LoadAssemblies (86ms)
			RebuildTransferFunctionScriptingTraits (0ms)
			SetupTypeCache (207ms)
			ReleaseScriptCaches (1ms)
			RebuildScriptCaches (38ms)
			SetupLoadedEditorAssemblies (673ms)
				LogAssemblyErrors (0ms)
				InitializePlatformSupportModulesInManaged (28ms)
				SetLoadedEditorAssemblies (0ms)
				RefreshPlugins (1ms)
				BeforeProcessingInitializeOnLoad (57ms)
				ProcessInitializeOnLoadAttributes (563ms)
				ProcessInitializeOnLoadMethodAttributes (17ms)
				AfterProcessingInitializeOnLoad (6ms)
				EditorAssembliesLoaded (0ms)
			ExecutionOrderSort2 (0ms)
			AwakeInstancesAfterBackupRestoration (5ms)
Platform modules already initialized, skipping
Refreshing native plugins compatible for Editor in 0.55 ms, found 3 plugins.
Preloading 0 native plugins for Editor in 0.00 ms.
Unloading 3067 Unused Serialized files (Serialized files now loaded: 0)
Unloading 18 unused Assets / (22.0 KB). Loaded Objects now: 3557.
Memory consumption went from 114.0 MB to 113.9 MB.
Total: 2.406200 ms (FindLiveObjects: 0.219400 ms CreateObjectMapping: 0.072000 ms MarkObjects: 2.103000 ms  DeleteObjects: 0.011200 ms)

AssetImportParameters requested are different than current active one (requested -> active):
  custom:video-decoder-ogg-theora: a1e56fd34408186e4bbccfd4996cb3dc -> 
  custom:container-muxer-webm: aa71ff27fc2769a1b78a27578f13a17b -> 
  custom:container-demuxer-webm: 4f35f7cbe854078d1ac9338744f61a02 -> 
  custom:video-encoder-webm-vp8: eb34c28f22e8b96e1ab97ce403110664 -> 
  custom:CustomObjectIndexerAttribute: bc11b3a6c3213fcdd17b65e7da85e133 -> 
  custom:audio-encoder-webm-vorbis: bf7c407c2cedff20999df2af8eb42d56 -> 
  custom:framework-win-MediaFoundation: 216162199b28c13a410421893ffa2e32 -> 
  custom:SearchIndexIgnoredProperties: e643bd26f0fe6173181afceb89e7c659 -> 
  custom:container-demuxer-ogg: 62fdf1f143b41e24485cea50d1cbac27 -> 
  custom:video-decoder-webm-vp8: 9c59270c3fd7afecdb556c50c9e8de78 -> 
  custom:audio-decoder-ogg-vorbis: bf7c407c2cedff20999df2af8eb42d56 -> 
========================================================================
Received Import Request.
  Time since last request: 5610.197109 seconds.
  path: Assets/Models/NewMicroModels/AllObjects 1.prefab
  artifactKey: Guid(c7b67282bd0ccc04fb4b8b43961f52d1) Importer(815301076,1909f56bfc062723c751e8b465ee728b)
Number of updated assets reloaded before import = 0
Start importing Assets/Models/NewMicroModels/AllObjects 1.prefab using Guid(c7b67282bd0ccc04fb4b8b43961f52d1) Importer(815301076,1909f56bfc062723c751e8b465ee728b)  -> (artifact id: '08e8e4dba5947bb619fc488aa48a8c0b') in 0.107750 seconds 
Number of asset objects unloaded after import = 514
========================================================================
Received Import Request.
  Time since last request: 7.568108 seconds.
  path: Assets/Models/NewMicroModels/AllObjects 1.prefab
  artifactKey: Guid(c7b67282bd0ccc04fb4b8b43961f52d1) Importer(815301076,1909f56bfc062723c751e8b465ee728b)
Number of updated assets reloaded before import = 0
Start importing Assets/Models/NewMicroModels/AllObjects 1.prefab using Guid(c7b67282bd0ccc04fb4b8b43961f52d1) Importer(815301076,1909f56bfc062723c751e8b465ee728b)  -> (artifact id: 'af6bd58b9453fb345939b2fa05e94d96') in 0.013041 seconds 
Number of asset objects unloaded after import = 514
========================================================================
Received Import Request.
  Time since last request: 48.448368 seconds.
  path: Assets/Models/NewMicroModels/AllObjects 1.prefab
  artifactKey: Guid(c7b67282bd0ccc04fb4b8b43961f52d1) Importer(815301076,1909f56bfc062723c751e8b465ee728b)
Number of updated assets reloaded before import = 0
Start importing Assets/Models/NewMicroModels/AllObjects 1.prefab using Guid(c7b67282bd0ccc04fb4b8b43961f52d1) Importer(815301076,1909f56bfc062723c751e8b465ee728b)  -> (artifact id: 'cfc8648af3234004b8de206112d32a0c') in 0.021313 seconds 
Number of asset objects unloaded after import = 527
========================================================================
Received Import Request.
  Time since last request: 5.011707 seconds.
  path: Assets/Models/NewMicroModels/AllObjects 1.prefab
  artifactKey: Guid(c7b67282bd0ccc04fb4b8b43961f52d1) Importer(815301076,1909f56bfc062723c751e8b465ee728b)
Number of updated assets reloaded before import = 0
Start importing Assets/Models/NewMicroModels/AllObjects 1.prefab using Guid(c7b67282bd0ccc04fb4b8b43961f52d1) Importer(815301076,1909f56bfc062723c751e8b465ee728b)  -> (artifact id: '0e99aaebe4d59b235ea7b8763b728e07') in 0.013976 seconds 
Number of asset objects unloaded after import = 527
========================================================================
Received Import Request.
  Time since last request: 3.821939 seconds.
  path: Assets/Models/NewMicroModels/AllObjects 1.prefab
  artifactKey: Guid(c7b67282bd0ccc04fb4b8b43961f52d1) Importer(815301076,1909f56bfc062723c751e8b465ee728b)
Number of updated assets reloaded before import = 0
Start importing Assets/Models/NewMicroModels/AllObjects 1.prefab using Guid(c7b67282bd0ccc04fb4b8b43961f52d1) Importer(815301076,1909f56bfc062723c751e8b465ee728b)  -> (artifact id: '07062b177465d2051c1bc7f8f73cd13d') in 0.015233 seconds 
Number of asset objects unloaded after import = 514
========================================================================
Received Import Request.
  Time since last request: 13.540456 seconds.
  path: Assets/Models/NewMicroModels/AllObjects 1.prefab
  artifactKey: Guid(c7b67282bd0ccc04fb4b8b43961f52d1) Importer(815301076,1909f56bfc062723c751e8b465ee728b)
Number of updated assets reloaded before import = 0
Start importing Assets/Models/NewMicroModels/AllObjects 1.prefab using Guid(c7b67282bd0ccc04fb4b8b43961f52d1) Importer(815301076,1909f56bfc062723c751e8b465ee728b)  -> (artifact id: '7021ae2d2f2c2e1f14e885e5a886fcb1') in 0.014526 seconds 
Number of asset objects unloaded after import = 514
========================================================================
Received Import Request.
  Time since last request: 0.000013 seconds.
  path: Assets/Models/NewMicroModels/Edge.prefab
  artifactKey: Guid(1ab433120f1300c4e98b84c2d18869d1) Importer(815301076,1909f56bfc062723c751e8b465ee728b)
Number of updated assets reloaded before import = 0
Start importing Assets/Models/NewMicroModels/Edge.prefab using Guid(1ab433120f1300c4e98b84c2d18869d1) Importer(815301076,1909f56bfc062723c751e8b465ee728b)  -> (artifact id: '544cbe92a31472e98a61d182ee6f6be4') in 0.012493 seconds 
Number of asset objects unloaded after import = 36
========================================================================
Received Import Request.
  Time since last request: 2.579690 seconds.
  path: Assets/Models/NewMicroModels/AllObjects 1.prefab
  artifactKey: Guid(c7b67282bd0ccc04fb4b8b43961f52d1) Importer(815301076,1909f56bfc062723c751e8b465ee728b)
Number of updated assets reloaded before import = 0
Start importing Assets/Models/NewMicroModels/AllObjects 1.prefab using Guid(c7b67282bd0ccc04fb4b8b43961f52d1) Importer(815301076,1909f56bfc062723c751e8b465ee728b)  -> (artifact id: 'ab35c0e361eb246ce83abe4b740f060d') in 0.012836 seconds 
Number of asset objects unloaded after import = 514
========================================================================
Received Import Request.
  Time since last request: 0.000013 seconds.
  path: Assets/Models/NewMicroModels/Edge.prefab
  artifactKey: Guid(1ab433120f1300c4e98b84c2d18869d1) Importer(815301076,1909f56bfc062723c751e8b465ee728b)
Number of updated assets reloaded before import = 0
Start importing Assets/Models/NewMicroModels/Edge.prefab using Guid(1ab433120f1300c4e98b84c2d18869d1) Importer(815301076,1909f56bfc062723c751e8b465ee728b)  -> (artifact id: '1b81cad7539b582f71d61133b50cfd9a') in 0.005867 seconds 
Number of asset objects unloaded after import = 36
========================================================================
Received Import Request.
  Time since last request: 4.606448 seconds.
  path: Assets/Models/NewMicroModels/AllObjects 1.prefab
  artifactKey: Guid(c7b67282bd0ccc04fb4b8b43961f52d1) Importer(815301076,1909f56bfc062723c751e8b465ee728b)
Number of updated assets reloaded before import = 0
Start importing Assets/Models/NewMicroModels/AllObjects 1.prefab using Guid(c7b67282bd0ccc04fb4b8b43961f52d1) Importer(815301076,1909f56bfc062723c751e8b465ee728b)  -> (artifact id: '937832764d0d491bfb7788e9a4abcec8') in 0.018364 seconds 
Number of asset objects unloaded after import = 514
========================================================================
Received Import Request.
  Time since last request: 0.000013 seconds.
  path: Assets/Models/NewMicroModels/Edge.prefab
  artifactKey: Guid(1ab433120f1300c4e98b84c2d18869d1) Importer(815301076,1909f56bfc062723c751e8b465ee728b)
Number of updated assets reloaded before import = 0
Start importing Assets/Models/NewMicroModels/Edge.prefab using Guid(1ab433120f1300c4e98b84c2d18869d1) Importer(815301076,1909f56bfc062723c751e8b465ee728b)  -> (artifact id: 'd801b50707add93c3eb1039de25f1236') in 0.013163 seconds 
Number of asset objects unloaded after import = 36
========================================================================
Received Import Request.
  Time since last request: 22.924446 seconds.
  path: Assets/Models/NewMicroModels/AllObjects 1.prefab
  artifactKey: Guid(c7b67282bd0ccc04fb4b8b43961f52d1) Importer(815301076,1909f56bfc062723c751e8b465ee728b)
Number of updated assets reloaded before import = 0
Start importing Assets/Models/NewMicroModels/AllObjects 1.prefab using Guid(c7b67282bd0ccc04fb4b8b43961f52d1) Importer(815301076,1909f56bfc062723c751e8b465ee728b)  -> (artifact id: 'e2ad4128ec81e9e1d10969fe1d7dd685') in 0.013676 seconds 
Number of asset objects unloaded after import = 501
========================================================================
Received Import Request.
  Time since last request: 5.586201 seconds.
  path: Assets/Models/NewMicroModels/AllObjects 1.prefab
  artifactKey: Guid(c7b67282bd0ccc04fb4b8b43961f52d1) Importer(815301076,1909f56bfc062723c751e8b465ee728b)
Number of updated assets reloaded before import = 0
Start importing Assets/Models/NewMicroModels/AllObjects 1.prefab using Guid(c7b67282bd0ccc04fb4b8b43961f52d1) Importer(815301076,1909f56bfc062723c751e8b465ee728b)  -> (artifact id: '0d15eadfa4718b34fa9a698e4a127379') in 0.018535 seconds 
Number of asset objects unloaded after import = 514
========================================================================
Received Import Request.
  Time since last request: 4.813727 seconds.
  path: Assets/Models/NewMicroModels/AllObjects 1.prefab
  artifactKey: Guid(c7b67282bd0ccc04fb4b8b43961f52d1) Importer(815301076,1909f56bfc062723c751e8b465ee728b)
Number of updated assets reloaded before import = 0
Start importing Assets/Models/NewMicroModels/AllObjects 1.prefab using Guid(c7b67282bd0ccc04fb4b8b43961f52d1) Importer(815301076,1909f56bfc062723c751e8b465ee728b)  -> (artifact id: '4e30df96f47aaac92a9c72f84730e413') in 0.013974 seconds 
Number of asset objects unloaded after import = 514
========================================================================
Received Import Request.
  Time since last request: 1.793988 seconds.
  path: Assets/Models/NewMicroModels/AllObjects 1.prefab
  artifactKey: Guid(c7b67282bd0ccc04fb4b8b43961f52d1) Importer(815301076,1909f56bfc062723c751e8b465ee728b)
Number of updated assets reloaded before import = 0
Start importing Assets/Models/NewMicroModels/AllObjects 1.prefab using Guid(c7b67282bd0ccc04fb4b8b43961f52d1) Importer(815301076,1909f56bfc062723c751e8b465ee728b)  -> (artifact id: '5e23e5edf1d9d1db59a348ca3a574bc5') in 0.014261 seconds 
Number of asset objects unloaded after import = 514
========================================================================
Received Import Request.
  Time since last request: 13.314231 seconds.
  path: Assets/Models/NewMicroModels/AllObjects 1.prefab
  artifactKey: Guid(c7b67282bd0ccc04fb4b8b43961f52d1) Importer(815301076,1909f56bfc062723c751e8b465ee728b)
Number of updated assets reloaded before import = 0
Start importing Assets/Models/NewMicroModels/AllObjects 1.prefab using Guid(c7b67282bd0ccc04fb4b8b43961f52d1) Importer(815301076,1909f56bfc062723c751e8b465ee728b)  -> (artifact id: '330a170ab28f58ab070dd666d5f6e192') in 0.016238 seconds 
Number of asset objects unloaded after import = 514
========================================================================
Received Import Request.
  Time since last request: 9.532263 seconds.
  path: Assets/Models/NewMicroModels/AllObjects 1.prefab
  artifactKey: Guid(c7b67282bd0ccc04fb4b8b43961f52d1) Importer(815301076,1909f56bfc062723c751e8b465ee728b)
Number of updated assets reloaded before import = 0
Start importing Assets/Models/NewMicroModels/AllObjects 1.prefab using Guid(c7b67282bd0ccc04fb4b8b43961f52d1) Importer(815301076,1909f56bfc062723c751e8b465ee728b)  -> (artifact id: '621330acd9074a729f15b79d7b6e412c') in 0.015671 seconds 
Number of asset objects unloaded after import = 535
========================================================================
Received Import Request.
  Time since last request: 2.194394 seconds.
  path: Assets/Models/NewMicroModels/AllObjects 1.prefab
  artifactKey: Guid(c7b67282bd0ccc04fb4b8b43961f52d1) Importer(815301076,1909f56bfc062723c751e8b465ee728b)
Number of updated assets reloaded before import = 0
Start importing Assets/Models/NewMicroModels/AllObjects 1.prefab using Guid(c7b67282bd0ccc04fb4b8b43961f52d1) Importer(815301076,1909f56bfc062723c751e8b465ee728b)  -> (artifact id: '95e981c94f752ab564e97c6a2bdbf091') in 0.013373 seconds 
Number of asset objects unloaded after import = 514
========================================================================
Received Import Request.
  Time since last request: 4.825118 seconds.
  path: Assets/Models/NewMicroModels/AllObjects 1.prefab
  artifactKey: Guid(c7b67282bd0ccc04fb4b8b43961f52d1) Importer(815301076,1909f56bfc062723c751e8b465ee728b)
Number of updated assets reloaded before import = 0
Start importing Assets/Models/NewMicroModels/AllObjects 1.prefab using Guid(c7b67282bd0ccc04fb4b8b43961f52d1) Importer(815301076,1909f56bfc062723c751e8b465ee728b)  -> (artifact id: 'f27280539526b33efaa04f520120b86d') in 0.013104 seconds 
Number of asset objects unloaded after import = 514
========================================================================
Received Import Request.
  Time since last request: 3.815043 seconds.
  path: Assets/Models/NewMicroModels/AllObjects 1.prefab
  artifactKey: Guid(c7b67282bd0ccc04fb4b8b43961f52d1) Importer(815301076,1909f56bfc062723c751e8b465ee728b)
Number of updated assets reloaded before import = 0
Start importing Assets/Models/NewMicroModels/AllObjects 1.prefab using Guid(c7b67282bd0ccc04fb4b8b43961f52d1) Importer(815301076,1909f56bfc062723c751e8b465ee728b)  -> (artifact id: '60b174363ce2474996724e0ed55386b4') in 0.013512 seconds 
Number of asset objects unloaded after import = 514
========================================================================
Received Import Request.
  Time since last request: 1.989086 seconds.
  path: Assets/Models/NewMicroModels/AllObjects 1.prefab
  artifactKey: Guid(c7b67282bd0ccc04fb4b8b43961f52d1) Importer(815301076,1909f56bfc062723c751e8b465ee728b)
Number of updated assets reloaded before import = 0
Start importing Assets/Models/NewMicroModels/AllObjects 1.prefab using Guid(c7b67282bd0ccc04fb4b8b43961f52d1) Importer(815301076,1909f56bfc062723c751e8b465ee728b)  -> (artifact id: '7843dd2309f784f021dad7e5120dc7bc') in 0.013341 seconds 
Number of asset objects unloaded after import = 514
========================================================================
Received Import Request.
  Time since last request: 82.383033 seconds.
  path: Assets/Models/NewMicroModels/AllObjects 1.prefab
  artifactKey: Guid(c7b67282bd0ccc04fb4b8b43961f52d1) Importer(815301076,1909f56bfc062723c751e8b465ee728b)
Number of updated assets reloaded before import = 0
Start importing Assets/Models/NewMicroModels/AllObjects 1.prefab using Guid(c7b67282bd0ccc04fb4b8b43961f52d1) Importer(815301076,1909f56bfc062723c751e8b465ee728b)  -> (artifact id: 'f040491465b35551969e5a74595a1cb1') in 0.014837 seconds 
Number of asset objects unloaded after import = 541
========================================================================
Received Import Request.
  Time since last request: 487.897659 seconds.
  path: Assets/Modules/NewMods/Mod_Rigjt-Half_Turn_Wall.asset
  artifactKey: Guid(7709ce48447052c4fa67c8a3758d441b) Importer(815301076,1909f56bfc062723c751e8b465ee728b)
Number of updated assets reloaded before import = 0
Start importing Assets/Modules/NewMods/Mod_Rigjt-Half_Turn_Wall.asset using Guid(7709ce48447052c4fa67c8a3758d441b) Importer(815301076,1909f56bfc062723c751e8b465ee728b)  -> (artifact id: '5f5ce7abdc86a959c706c59bf01c1a2d') in 0.118282 seconds 
Number of asset objects unloaded after import = 251
========================================================================
Received Import Request.
  Time since last request: 13.910151 seconds.
  path: Assets/Modules/NewMods/Mod_Right-Half_Turn_Wall.asset
  artifactKey: Guid(7709ce48447052c4fa67c8a3758d441b) Importer(815301076,1909f56bfc062723c751e8b465ee728b)
Number of updated assets reloaded before import = 0
Start importing Assets/Modules/NewMods/Mod_Right-Half_Turn_Wall.asset using Guid(7709ce48447052c4fa67c8a3758d441b) Importer(815301076,1909f56bfc062723c751e8b465ee728b)  -> (artifact id: '1c36e99ce4a2e5615af6af8883dfec15') in 0.022437 seconds 
Number of asset objects unloaded after import = 251
========================================================================
Received Import Request.
  Time since last request: 628.734684 seconds.
  path: Assets/Modules/NewMods/Mod_Top_Wall_Turn.asset
  artifactKey: Guid(bad6cb1d23bcad24a99fcbf93d3c418d) Importer(815301076,1909f56bfc062723c751e8b465ee728b)
Number of updated assets reloaded before import = 0
Start importing Assets/Modules/NewMods/Mod_Top_Wall_Turn.asset using Guid(bad6cb1d23bcad24a99fcbf93d3c418d) Importer(815301076,1909f56bfc062723c751e8b465ee728b)  -> (artifact id: '3c08d33dd961c9de3e45ecb50b6f06e8') in 0.026291 seconds 
Number of asset objects unloaded after import = 251
========================================================================
Received Import Request.
  Time since last request: 0.000020 seconds.
  path: Assets/Modules/NewMods/Mod_Middle-Corner.asset
  artifactKey: Guid(b18c6bf7d44fa2845bc3108ced7ea2ff) Importer(815301076,1909f56bfc062723c751e8b465ee728b)
Number of updated assets reloaded before import = 0
Start importing Assets/Modules/NewMods/Mod_Middle-Corner.asset using Guid(b18c6bf7d44fa2845bc3108ced7ea2ff) Importer(815301076,1909f56bfc062723c751e8b465ee728b)  -> (artifact id: 'd0a24e78e46dc4f7c12d64a4617a2852') in 0.023384 seconds 
Number of asset objects unloaded after import = 251
========================================================================
Received Import Request.
  Time since last request: 0.000015 seconds.
  path: Assets/Modules/NewMods/Mod_Top-Corner.asset
  artifactKey: Guid(b83d6ea2f69d2d14899ca48b9c45e774) Importer(815301076,1909f56bfc062723c751e8b465ee728b)
Number of updated assets reloaded before import = 0
Start importing Assets/Modules/NewMods/Mod_Top-Corner.asset using Guid(b83d6ea2f69d2d14899ca48b9c45e774) Importer(815301076,1909f56bfc062723c751e8b465ee728b)  -> (artifact id: '040cd5943f22fba16f9354fc94682d9a') in 0.023687 seconds 
Number of asset objects unloaded after import = 251
========================================================================
Received Import Request.
  Time since last request: 0.000016 seconds.
  path: Assets/Modules/NewMods/Mod_Right-Half_Turn_Wall.asset
  artifactKey: Guid(7709ce48447052c4fa67c8a3758d441b) Importer(815301076,1909f56bfc062723c751e8b465ee728b)
Number of updated assets reloaded before import = 0
Start importing Assets/Modules/NewMods/Mod_Right-Half_Turn_Wall.asset using Guid(7709ce48447052c4fa67c8a3758d441b) Importer(815301076,1909f56bfc062723c751e8b465ee728b)  -> (artifact id: '1cf74043712b01603729d7932db79f39') in 0.019181 seconds 
Number of asset objects unloaded after import = 251
========================================================================
Received Import Request.
  Time since last request: 0.000014 seconds.
  path: Assets/Modules/NewMods/Mod_Top-Edge.asset
  artifactKey: Guid(a10c7c4fbc0bd8b43960d46efedba208) Importer(815301076,1909f56bfc062723c751e8b465ee728b)
Number of updated assets reloaded before import = 0
Start importing Assets/Modules/NewMods/Mod_Top-Edge.asset using Guid(a10c7c4fbc0bd8b43960d46efedba208) Importer(815301076,1909f56bfc062723c751e8b465ee728b)  -> (artifact id: '7ba7e69d3b0baeeac20c1b93c9b60977') in 0.023354 seconds 
Number of asset objects unloaded after import = 251
========================================================================
Received Import Request.
  Time since last request: 0.000021 seconds.
  path: Assets/Modules/NewMods/Mod_Top_Turn_Corner.asset
  artifactKey: Guid(49c888a9d86305a4ea4da90dd8bf9240) Importer(815301076,1909f56bfc062723c751e8b465ee728b)
Number of updated assets reloaded before import = 0
Start importing Assets/Modules/NewMods/Mod_Top_Turn_Corner.asset using Guid(49c888a9d86305a4ea4da90dd8bf9240) Importer(815301076,1909f56bfc062723c751e8b465ee728b)  -> (artifact id: '92ec0552979d68ae33458c58e9427493') in 0.024094 seconds 
Number of asset objects unloaded after import = 251
========================================================================
Received Import Request.
  Time since last request: 17.075367 seconds.
  path: Assets/Modules/NewMods/Mod_Right-Half_Turn_Wall 1.asset
  artifactKey: Guid(3f8f492fe6f4c3d4a8112d40d5208f64) Importer(815301076,1909f56bfc062723c751e8b465ee728b)
Number of updated assets reloaded before import = 0
Start importing Assets/Modules/NewMods/Mod_Right-Half_Turn_Wall 1.asset using Guid(3f8f492fe6f4c3d4a8112d40d5208f64) Importer(815301076,1909f56bfc062723c751e8b465ee728b)  -> (artifact id: '8f2b9ae08309cf63b91b979725ed1fd7') in 0.023350 seconds 
Number of asset objects unloaded after import = 252
========================================================================
Received Import Request.
  Time since last request: 16.054229 seconds.
  path: Assets/Modules/NewMods/Mod_Left-Half_Turn_Wall 1.asset
  artifactKey: Guid(3f8f492fe6f4c3d4a8112d40d5208f64) Importer(815301076,1909f56bfc062723c751e8b465ee728b)
Number of updated assets reloaded before import = 0
Start importing Assets/Modules/NewMods/Mod_Left-Half_Turn_Wall 1.asset using Guid(3f8f492fe6f4c3d4a8112d40d5208f64) Importer(815301076,1909f56bfc062723c751e8b465ee728b)  -> (artifact id: 'cb4d6e74b4d1da0247481e22b950caa2') in 0.024229 seconds 
Number of asset objects unloaded after import = 252
========================================================================
Received Import Request.
  Time since last request: 11.853854 seconds.
  path: Assets/Modules/NewMods/Mod_Left-Half_Turn_Wall.asset
  artifactKey: Guid(3f8f492fe6f4c3d4a8112d40d5208f64) Importer(815301076,1909f56bfc062723c751e8b465ee728b)
Number of updated assets reloaded before import = 0
Start importing Assets/Modules/NewMods/Mod_Left-Half_Turn_Wall.asset using Guid(3f8f492fe6f4c3d4a8112d40d5208f64) Importer(815301076,1909f56bfc062723c751e8b465ee728b)  -> (artifact id: '0b8cdfb9950967a2f346a1e9423b574c') in 0.023813 seconds 
Number of asset objects unloaded after import = 252
========================================================================
Received Prepare
Registering precompiled user dll's ...
Registered in 0.004011 seconds.
Begin MonoManager ReloadAssembly
Native extension for UWP target not found
Native extension for WindowsStandalone target not found
Native extension for iOS target not found
Native extension for Android target not found
Native extension for WebGL target not found
Refreshing native plugins compatible for Editor in 0.58 ms, found 3 plugins.
Preloading 0 native plugins for Editor in 0.00 ms.
[Package Manager] Server::EnsureServerProcessIsRunning -- launch failed, reason: Unity was launched with the -noUpm command-line argument
[Package Manager] Cannot connect to Unity Package Manager local server
Mono: successfully reloaded assembly
- Completed reload, in  1.240 seconds
Domain Reload Profiling:
	ReloadAssembly (1240ms)
		BeginReloadAssembly (134ms)
			ExecutionOrderSort (0ms)
			DisableScriptedObjects (5ms)
			BackupInstance (0ms)
			ReleaseScriptingObjects (0ms)
			CreateAndSetChildDomain (34ms)
		EndReloadAssembly (1028ms)
			LoadAssemblies (89ms)
			RebuildTransferFunctionScriptingTraits (0ms)
			SetupTypeCache (209ms)
			ReleaseScriptCaches (1ms)
			RebuildScriptCaches (37ms)
			SetupLoadedEditorAssemblies (667ms)
				LogAssemblyErrors (0ms)
				InitializePlatformSupportModulesInManaged (27ms)
				SetLoadedEditorAssemblies (0ms)
				RefreshPlugins (1ms)
				BeforeProcessingInitializeOnLoad (55ms)
				ProcessInitializeOnLoadAttributes (560ms)
				ProcessInitializeOnLoadMethodAttributes (17ms)
				AfterProcessingInitializeOnLoad (7ms)
				EditorAssembliesLoaded (0ms)
			ExecutionOrderSort2 (0ms)
			AwakeInstancesAfterBackupRestoration (5ms)
Platform modules already initialized, skipping
Refreshing native plugins compatible for Editor in 0.56 ms, found 3 plugins.
Preloading 0 native plugins for Editor in 0.00 ms.
Unloading 3067 Unused Serialized files (Serialized files now loaded: 0)
Unloading 18 unused Assets / (21.9 KB). Loaded Objects now: 3560.
Memory consumption went from 114.2 MB to 114.1 MB.
Total: 2.166400 ms (FindLiveObjects: 0.202100 ms CreateObjectMapping: 0.066900 ms MarkObjects: 1.878800 ms  DeleteObjects: 0.017900 ms)

AssetImportParameters requested are different than current active one (requested -> active):
  custom:video-decoder-ogg-theora: a1e56fd34408186e4bbccfd4996cb3dc -> 
  custom:container-muxer-webm: aa71ff27fc2769a1b78a27578f13a17b -> 
  custom:container-demuxer-webm: 4f35f7cbe854078d1ac9338744f61a02 -> 
  custom:video-encoder-webm-vp8: eb34c28f22e8b96e1ab97ce403110664 -> 
  custom:CustomObjectIndexerAttribute: bc11b3a6c3213fcdd17b65e7da85e133 -> 
  custom:audio-encoder-webm-vorbis: bf7c407c2cedff20999df2af8eb42d56 -> 
  custom:framework-win-MediaFoundation: 216162199b28c13a410421893ffa2e32 -> 
  custom:SearchIndexIgnoredProperties: e643bd26f0fe6173181afceb89e7c659 -> 
  custom:container-demuxer-ogg: 62fdf1f143b41e24485cea50d1cbac27 -> 
  custom:video-decoder-webm-vp8: 9c59270c3fd7afecdb556c50c9e8de78 -> 
  custom:audio-decoder-ogg-vorbis: bf7c407c2cedff20999df2af8eb42d56 -> 
========================================================================
Received Prepare
Registering precompiled user dll's ...
Registered in 0.004080 seconds.
Begin MonoManager ReloadAssembly
Native extension for UWP target not found
Native extension for WindowsStandalone target not found
Native extension for iOS target not found
Native extension for Android target not found
Native extension for WebGL target not found
Refreshing native plugins compatible for Editor in 0.59 ms, found 3 plugins.
Preloading 0 native plugins for Editor in 0.00 ms.
[Package Manager] Server::EnsureServerProcessIsRunning -- launch failed, reason: Unity was launched with the -noUpm command-line argument
[Package Manager] Cannot connect to Unity Package Manager local server
Mono: successfully reloaded assembly
- Completed reload, in  1.222 seconds
Domain Reload Profiling:
	ReloadAssembly (1222ms)
		BeginReloadAssembly (130ms)
			ExecutionOrderSort (0ms)
			DisableScriptedObjects (5ms)
			BackupInstance (0ms)
			ReleaseScriptingObjects (0ms)
			CreateAndSetChildDomain (31ms)
		EndReloadAssembly (1015ms)
			LoadAssemblies (84ms)
			RebuildTransferFunctionScriptingTraits (0ms)
			SetupTypeCache (208ms)
			ReleaseScriptCaches (1ms)
			RebuildScriptCaches (37ms)
			SetupLoadedEditorAssemblies (658ms)
				LogAssemblyErrors (0ms)
				InitializePlatformSupportModulesInManaged (27ms)
				SetLoadedEditorAssemblies (0ms)
				RefreshPlugins (1ms)
				BeforeProcessingInitializeOnLoad (55ms)
				ProcessInitializeOnLoadAttributes (552ms)
				ProcessInitializeOnLoadMethodAttributes (17ms)
				AfterProcessingInitializeOnLoad (6ms)
				EditorAssembliesLoaded (0ms)
			ExecutionOrderSort2 (0ms)
			AwakeInstancesAfterBackupRestoration (5ms)
Platform modules already initialized, skipping
Refreshing native plugins compatible for Editor in 0.38 ms, found 3 plugins.
Preloading 0 native plugins for Editor in 0.00 ms.
Unloading 3067 Unused Serialized files (Serialized files now loaded: 0)
Unloading 18 unused Assets / (21.9 KB). Loaded Objects now: 3563.
Memory consumption went from 114.2 MB to 114.1 MB.
Total: 2.169100 ms (FindLiveObjects: 0.204900 ms CreateObjectMapping: 0.068100 ms MarkObjects: 1.880800 ms  DeleteObjects: 0.014300 ms)

AssetImportParameters requested are different than current active one (requested -> active):
  custom:video-decoder-ogg-theora: a1e56fd34408186e4bbccfd4996cb3dc -> 
  custom:container-muxer-webm: aa71ff27fc2769a1b78a27578f13a17b -> 
  custom:container-demuxer-webm: 4f35f7cbe854078d1ac9338744f61a02 -> 
  custom:video-encoder-webm-vp8: eb34c28f22e8b96e1ab97ce403110664 -> 
  custom:CustomObjectIndexerAttribute: bc11b3a6c3213fcdd17b65e7da85e133 -> 
  custom:audio-encoder-webm-vorbis: bf7c407c2cedff20999df2af8eb42d56 -> 
  custom:framework-win-MediaFoundation: 216162199b28c13a410421893ffa2e32 -> 
  custom:SearchIndexIgnoredProperties: e643bd26f0fe6173181afceb89e7c659 -> 
  custom:container-demuxer-ogg: 62fdf1f143b41e24485cea50d1cbac27 -> 
  custom:video-decoder-webm-vp8: 9c59270c3fd7afecdb556c50c9e8de78 -> 
  custom:audio-decoder-ogg-vorbis: bf7c407c2cedff20999df2af8eb42d56 -> 
========================================================================
Received Prepare
Registering precompiled user dll's ...
Registered in 0.003916 seconds.
Begin MonoManager ReloadAssembly
Native extension for UWP target not found
Native extension for WindowsStandalone target not found
Native extension for iOS target not found
Native extension for Android target not found
Native extension for WebGL target not found
Refreshing native plugins compatible for Editor in 0.45 ms, found 3 plugins.
Preloading 0 native plugins for Editor in 0.00 ms.
[Package Manager] Server::EnsureServerProcessIsRunning -- launch failed, reason: Unity was launched with the -noUpm command-line argument
[Package Manager] Cannot connect to Unity Package Manager local server
Mono: successfully reloaded assembly
- Completed reload, in  1.223 seconds
Domain Reload Profiling:
	ReloadAssembly (1224ms)
		BeginReloadAssembly (129ms)
			ExecutionOrderSort (0ms)
			DisableScriptedObjects (5ms)
			BackupInstance (0ms)
			ReleaseScriptingObjects (0ms)
			CreateAndSetChildDomain (30ms)
		EndReloadAssembly (1018ms)
			LoadAssemblies (83ms)
			RebuildTransferFunctionScriptingTraits (0ms)
			SetupTypeCache (211ms)
			ReleaseScriptCaches (1ms)
			RebuildScriptCaches (36ms)
			SetupLoadedEditorAssemblies (660ms)
				LogAssemblyErrors (0ms)
				InitializePlatformSupportModulesInManaged (27ms)
				SetLoadedEditorAssemblies (0ms)
				RefreshPlugins (0ms)
				BeforeProcessingInitializeOnLoad (55ms)
				ProcessInitializeOnLoadAttributes (553ms)
				ProcessInitializeOnLoadMethodAttributes (17ms)
				AfterProcessingInitializeOnLoad (7ms)
				EditorAssembliesLoaded (0ms)
			ExecutionOrderSort2 (0ms)
			AwakeInstancesAfterBackupRestoration (5ms)
Platform modules already initialized, skipping
Refreshing native plugins compatible for Editor in 0.38 ms, found 3 plugins.
Preloading 0 native plugins for Editor in 0.00 ms.
Unloading 3067 Unused Serialized files (Serialized files now loaded: 0)
Unloading 18 unused Assets / (21.9 KB). Loaded Objects now: 3566.
Memory consumption went from 114.2 MB to 114.2 MB.
Total: 2.171700 ms (FindLiveObjects: 0.217200 ms CreateObjectMapping: 0.069100 ms MarkObjects: 1.870200 ms  DeleteObjects: 0.014600 ms)

AssetImportParameters requested are different than current active one (requested -> active):
  custom:video-decoder-ogg-theora: a1e56fd34408186e4bbccfd4996cb3dc -> 
  custom:container-muxer-webm: aa71ff27fc2769a1b78a27578f13a17b -> 
  custom:container-demuxer-webm: 4f35f7cbe854078d1ac9338744f61a02 -> 
  custom:video-encoder-webm-vp8: eb34c28f22e8b96e1ab97ce403110664 -> 
  custom:CustomObjectIndexerAttribute: bc11b3a6c3213fcdd17b65e7da85e133 -> 
  custom:audio-encoder-webm-vorbis: bf7c407c2cedff20999df2af8eb42d56 -> 
  custom:framework-win-MediaFoundation: 216162199b28c13a410421893ffa2e32 -> 
  custom:SearchIndexIgnoredProperties: e643bd26f0fe6173181afceb89e7c659 -> 
  custom:container-demuxer-ogg: 62fdf1f143b41e24485cea50d1cbac27 -> 
  custom:video-decoder-webm-vp8: 9c59270c3fd7afecdb556c50c9e8de78 -> 
  custom:audio-decoder-ogg-vorbis: bf7c407c2cedff20999df2af8eb42d56 -> 
========================================================================
Received Prepare
Registering precompiled user dll's ...
Registered in 0.004844 seconds.
Begin MonoManager ReloadAssembly
Native extension for UWP target not found
Native extension for WindowsStandalone target not found
Native extension for iOS target not found
Native extension for Android target not found
Native extension for WebGL target not found
Refreshing native plugins compatible for Editor in 0.58 ms, found 3 plugins.
Preloading 0 native plugins for Editor in 0.00 ms.
[Package Manager] Server::EnsureServerProcessIsRunning -- launch failed, reason: Unity was launched with the -noUpm command-line argument
[Package Manager] Cannot connect to Unity Package Manager local server
Mono: successfully reloaded assembly
- Completed reload, in  1.227 seconds
Domain Reload Profiling:
	ReloadAssembly (1227ms)
		BeginReloadAssembly (131ms)
			ExecutionOrderSort (0ms)
			DisableScriptedObjects (5ms)
			BackupInstance (0ms)
			ReleaseScriptingObjects (0ms)
			CreateAndSetChildDomain (31ms)
		EndReloadAssembly (1018ms)
			LoadAssemblies (85ms)
			RebuildTransferFunctionScriptingTraits (0ms)
			SetupTypeCache (208ms)
			ReleaseScriptCaches (1ms)
			RebuildScriptCaches (38ms)
			SetupLoadedEditorAssemblies (661ms)
				LogAssemblyErrors (0ms)
				InitializePlatformSupportModulesInManaged (27ms)
				SetLoadedEditorAssemblies (0ms)
				RefreshPlugins (1ms)
				BeforeProcessingInitializeOnLoad (56ms)
				ProcessInitializeOnLoadAttributes (554ms)
				ProcessInitializeOnLoadMethodAttributes (17ms)
				AfterProcessingInitializeOnLoad (6ms)
				EditorAssembliesLoaded (0ms)
			ExecutionOrderSort2 (0ms)
			AwakeInstancesAfterBackupRestoration (5ms)
Platform modules already initialized, skipping
Refreshing native plugins compatible for Editor in 0.53 ms, found 3 plugins.
Preloading 0 native plugins for Editor in 0.00 ms.
Unloading 3067 Unused Serialized files (Serialized files now loaded: 0)
Unloading 18 unused Assets / (21.9 KB). Loaded Objects now: 3569.
Memory consumption went from 114.2 MB to 114.2 MB.
Total: 2.241700 ms (FindLiveObjects: 0.199900 ms CreateObjectMapping: 0.066900 ms MarkObjects: 1.960700 ms  DeleteObjects: 0.013700 ms)

AssetImportParameters requested are different than current active one (requested -> active):
  custom:video-decoder-ogg-theora: a1e56fd34408186e4bbccfd4996cb3dc -> 
  custom:container-muxer-webm: aa71ff27fc2769a1b78a27578f13a17b -> 
  custom:container-demuxer-webm: 4f35f7cbe854078d1ac9338744f61a02 -> 
  custom:video-encoder-webm-vp8: eb34c28f22e8b96e1ab97ce403110664 -> 
  custom:CustomObjectIndexerAttribute: bc11b3a6c3213fcdd17b65e7da85e133 -> 
  custom:audio-encoder-webm-vorbis: bf7c407c2cedff20999df2af8eb42d56 -> 
  custom:framework-win-MediaFoundation: 216162199b28c13a410421893ffa2e32 -> 
  custom:SearchIndexIgnoredProperties: e643bd26f0fe6173181afceb89e7c659 -> 
  custom:container-demuxer-ogg: 62fdf1f143b41e24485cea50d1cbac27 -> 
  custom:video-decoder-webm-vp8: 9c59270c3fd7afecdb556c50c9e8de78 -> 
  custom:audio-decoder-ogg-vorbis: bf7c407c2cedff20999df2af8eb42d56 -> 
========================================================================
Received Prepare
Registering precompiled user dll's ...
Registered in 0.004514 seconds.
Begin MonoManager ReloadAssembly
Native extension for UWP target not found
Native extension for WindowsStandalone target not found
Native extension for iOS target not found
Native extension for Android target not found
Native extension for WebGL target not found
Refreshing native plugins compatible for Editor in 0.50 ms, found 3 plugins.
Preloading 0 native plugins for Editor in 0.00 ms.
[Package Manager] Server::EnsureServerProcessIsRunning -- launch failed, reason: Unity was launched with the -noUpm command-line argument
[Package Manager] Cannot connect to Unity Package Manager local server
Mono: successfully reloaded assembly
- Completed reload, in  1.243 seconds
Domain Reload Profiling:
	ReloadAssembly (1243ms)
		BeginReloadAssembly (133ms)
			ExecutionOrderSort (0ms)
			DisableScriptedObjects (5ms)
			BackupInstance (0ms)
			ReleaseScriptingObjects (0ms)
			CreateAndSetChildDomain (30ms)
		EndReloadAssembly (1032ms)
			LoadAssemblies (87ms)
			RebuildTransferFunctionScriptingTraits (0ms)
			SetupTypeCache (214ms)
			ReleaseScriptCaches (1ms)
			RebuildScriptCaches (45ms)
			SetupLoadedEditorAssemblies (655ms)
				LogAssemblyErrors (0ms)
				InitializePlatformSupportModulesInManaged (27ms)
				SetLoadedEditorAssemblies (0ms)
				RefreshPlugins (1ms)
				BeforeProcessingInitializeOnLoad (55ms)
				ProcessInitializeOnLoadAttributes (550ms)
				ProcessInitializeOnLoadMethodAttributes (17ms)
				AfterProcessingInitializeOnLoad (6ms)
				EditorAssembliesLoaded (0ms)
			ExecutionOrderSort2 (0ms)
			AwakeInstancesAfterBackupRestoration (5ms)
Platform modules already initialized, skipping
Refreshing native plugins compatible for Editor in 0.42 ms, found 3 plugins.
Preloading 0 native plugins for Editor in 0.00 ms.
Unloading 3067 Unused Serialized files (Serialized files now loaded: 0)
Unloading 18 unused Assets / (21.9 KB). Loaded Objects now: 3572.
Memory consumption went from 114.2 MB to 114.2 MB.
Total: 2.149100 ms (FindLiveObjects: 0.204100 ms CreateObjectMapping: 0.068800 ms MarkObjects: 1.863700 ms  DeleteObjects: 0.011900 ms)

AssetImportParameters requested are different than current active one (requested -> active):
  custom:video-decoder-ogg-theora: a1e56fd34408186e4bbccfd4996cb3dc -> 
  custom:container-muxer-webm: aa71ff27fc2769a1b78a27578f13a17b -> 
  custom:container-demuxer-webm: 4f35f7cbe854078d1ac9338744f61a02 -> 
  custom:video-encoder-webm-vp8: eb34c28f22e8b96e1ab97ce403110664 -> 
  custom:CustomObjectIndexerAttribute: bc11b3a6c3213fcdd17b65e7da85e133 -> 
  custom:audio-encoder-webm-vorbis: bf7c407c2cedff20999df2af8eb42d56 -> 
  custom:framework-win-MediaFoundation: 216162199b28c13a410421893ffa2e32 -> 
  custom:SearchIndexIgnoredProperties: e643bd26f0fe6173181afceb89e7c659 -> 
  custom:container-demuxer-ogg: 62fdf1f143b41e24485cea50d1cbac27 -> 
  custom:video-decoder-webm-vp8: 9c59270c3fd7afecdb556c50c9e8de78 -> 
  custom:audio-decoder-ogg-vorbis: bf7c407c2cedff20999df2af8eb42d56 -> 
========================================================================
Received Prepare
Registering precompiled user dll's ...
Registered in 0.004700 seconds.
Begin MonoManager ReloadAssembly
Native extension for UWP target not found
Native extension for WindowsStandalone target not found
Native extension for iOS target not found
Native extension for Android target not found
Native extension for WebGL target not found
Refreshing native plugins compatible for Editor in 0.58 ms, found 3 plugins.
Preloading 0 native plugins for Editor in 0.00 ms.
[Package Manager] Server::EnsureServerProcessIsRunning -- launch failed, reason: Unity was launched with the -noUpm command-line argument
[Package Manager] Cannot connect to Unity Package Manager local server
Mono: successfully reloaded assembly
- Completed reload, in  1.237 seconds
Domain Reload Profiling:
	ReloadAssembly (1238ms)
		BeginReloadAssembly (135ms)
			ExecutionOrderSort (0ms)
			DisableScriptedObjects (5ms)
			BackupInstance (0ms)
			ReleaseScriptingObjects (0ms)
			CreateAndSetChildDomain (31ms)
		EndReloadAssembly (1025ms)
			LoadAssemblies (89ms)
			RebuildTransferFunctionScriptingTraits (0ms)
			SetupTypeCache (212ms)
			ReleaseScriptCaches (1ms)
			RebuildScriptCaches (37ms)
			SetupLoadedEditorAssemblies (662ms)
				LogAssemblyErrors (0ms)
				InitializePlatformSupportModulesInManaged (27ms)
				SetLoadedEditorAssemblies (0ms)
				RefreshPlugins (1ms)
				BeforeProcessingInitializeOnLoad (55ms)
				ProcessInitializeOnLoadAttributes (555ms)
				ProcessInitializeOnLoadMethodAttributes (17ms)
				AfterProcessingInitializeOnLoad (7ms)
				EditorAssembliesLoaded (0ms)
			ExecutionOrderSort2 (0ms)
			AwakeInstancesAfterBackupRestoration (5ms)
Platform modules already initialized, skipping
Refreshing native plugins compatible for Editor in 0.28 ms, found 3 plugins.
Preloading 0 native plugins for Editor in 0.00 ms.
Unloading 3067 Unused Serialized files (Serialized files now loaded: 0)
Unloading 18 unused Assets / (21.9 KB). Loaded Objects now: 3575.
Memory consumption went from 114.2 MB to 114.2 MB.
Total: 2.205300 ms (FindLiveObjects: 0.206100 ms CreateObjectMapping: 0.066600 ms MarkObjects: 1.919700 ms  DeleteObjects: 0.012100 ms)

AssetImportParameters requested are different than current active one (requested -> active):
  custom:video-decoder-ogg-theora: a1e56fd34408186e4bbccfd4996cb3dc -> 
  custom:container-muxer-webm: aa71ff27fc2769a1b78a27578f13a17b -> 
  custom:container-demuxer-webm: 4f35f7cbe854078d1ac9338744f61a02 -> 
  custom:video-encoder-webm-vp8: eb34c28f22e8b96e1ab97ce403110664 -> 
  custom:CustomObjectIndexerAttribute: bc11b3a6c3213fcdd17b65e7da85e133 -> 
  custom:audio-encoder-webm-vorbis: bf7c407c2cedff20999df2af8eb42d56 -> 
  custom:framework-win-MediaFoundation: 216162199b28c13a410421893ffa2e32 -> 
  custom:SearchIndexIgnoredProperties: e643bd26f0fe6173181afceb89e7c659 -> 
  custom:container-demuxer-ogg: 62fdf1f143b41e24485cea50d1cbac27 -> 
  custom:video-decoder-webm-vp8: 9c59270c3fd7afecdb556c50c9e8de78 -> 
  custom:audio-decoder-ogg-vorbis: bf7c407c2cedff20999df2af8eb42d56 -> 
========================================================================
Received Import Request.
  Time since last request: 670.129355 seconds.
  path: Assets/Modules/Variants/Mod_Dirt_Wall_Corner_1.asset
  artifactKey: Guid(c08a0ca318c188744b59588e10dc7ac4) Importer(815301076,1909f56bfc062723c751e8b465ee728b)
Number of updated assets reloaded before import = 0
Start importing Assets/Modules/Variants/Mod_Dirt_Wall_Corner_1.asset using Guid(c08a0ca318c188744b59588e10dc7ac4) Importer(815301076,1909f56bfc062723c751e8b465ee728b)  -> (artifact id: '4b9f8ace5b4a6074dd45616567f892ed') in 0.023682 seconds 
Number of asset objects unloaded after import = 24
========================================================================
Received Import Request.
  Time since last request: 0.000015 seconds.
  path: Assets/Modules/Variants/Mod_Dirt_Wall_Edge_2.asset
  artifactKey: Guid(ab2a46f2514a3034b834d71deee83be0) Importer(815301076,1909f56bfc062723c751e8b465ee728b)
Number of updated assets reloaded before import = 0
Start importing Assets/Modules/Variants/Mod_Dirt_Wall_Edge_2.asset using Guid(ab2a46f2514a3034b834d71deee83be0) Importer(815301076,1909f56bfc062723c751e8b465ee728b)  -> (artifact id: '492a719bd8aac1353c8ea7d2ddf9ca4c') in 0.007051 seconds 
Number of asset objects unloaded after import = 18
========================================================================
Received Import Request.
  Time since last request: 0.000016 seconds.
  path: Assets/Modules/Variants/Mod_Top_Wall_Turn_1.asset
  artifactKey: Guid(b721857c87500a2479a79b8a08678717) Importer(815301076,1909f56bfc062723c751e8b465ee728b)
Number of updated assets reloaded before import = 0
Start importing Assets/Modules/Variants/Mod_Top_Wall_Turn_1.asset using Guid(b721857c87500a2479a79b8a08678717) Importer(815301076,1909f56bfc062723c751e8b465ee728b)  -> (artifact id: '72cd061ca219aecfc9c23da3a0d6d1a5') in 0.006713 seconds 
Number of asset objects unloaded after import = 24
========================================================================
Received Import Request.
  Time since last request: 0.000015 seconds.
  path: Assets/Modules/Variants/Mod_Top_Turn_Corner_1.asset
  artifactKey: Guid(466081364c635c24885d892062437ba3) Importer(815301076,1909f56bfc062723c751e8b465ee728b)
Number of updated assets reloaded before import = 0
Start importing Assets/Modules/Variants/Mod_Top_Turn_Corner_1.asset using Guid(466081364c635c24885d892062437ba3) Importer(815301076,1909f56bfc062723c751e8b465ee728b)  -> (artifact id: '2f529e9429f4c7b112ef6483f5e17833') in 0.006614 seconds 
Number of asset objects unloaded after import = 38
========================================================================
Received Import Request.
  Time since last request: 0.000012 seconds.
  path: Assets/Modules/Variants/Mod_Middle_Edge_3.asset
  artifactKey: Guid(50f45333fb43e4e439034c9522db0637) Importer(815301076,1909f56bfc062723c751e8b465ee728b)
Number of updated assets reloaded before import = 0
Start importing Assets/Modules/Variants/Mod_Middle_Edge_3.asset using Guid(50f45333fb43e4e439034c9522db0637) Importer(815301076,1909f56bfc062723c751e8b465ee728b)  -> (artifact id: 'cd298ba4a16c1f4cd0583369a7b7292e') in 0.006589 seconds 
Number of asset objects unloaded after import = 9
========================================================================
Received Import Request.
  Time since last request: 0.000015 seconds.
  path: Assets/Modules/Variants/Mod_Middle_Wall_Turn_1.asset
  artifactKey: Guid(bcdadc5b324b1284b84f0110bfadb039) Importer(815301076,1909f56bfc062723c751e8b465ee728b)
Number of updated assets reloaded before import = 0
Start importing Assets/Modules/Variants/Mod_Middle_Wall_Turn_1.asset using Guid(bcdadc5b324b1284b84f0110bfadb039) Importer(815301076,1909f56bfc062723c751e8b465ee728b)  -> (artifact id: '5f38da3010167786c6d63076aeb971fa') in 0.006978 seconds 
Number of asset objects unloaded after import = 22
========================================================================
Received Import Request.
  Time since last request: 0.000016 seconds.
  path: Assets/Modules/Variants/Mod_Top-Edge_3.asset
  artifactKey: Guid(fa93794935aa19a4a80776f0bce68656) Importer(815301076,1909f56bfc062723c751e8b465ee728b)
Number of updated assets reloaded before import = 0
Start importing Assets/Modules/Variants/Mod_Top-Edge_3.asset using Guid(fa93794935aa19a4a80776f0bce68656) Importer(815301076,1909f56bfc062723c751e8b465ee728b)  -> (artifact id: '58cf0d9ba81ee2fb028ace7aac9a5905') in 0.006635 seconds 
Number of asset objects unloaded after import = 9
========================================================================
Received Import Request.
  Time since last request: 0.000015 seconds.
  path: Assets/Modules/Variants/Mod_Top-Corner_3.asset
  artifactKey: Guid(48e197c2e8cee7b4e8bf3509684e9628) Importer(815301076,1909f56bfc062723c751e8b465ee728b)
Number of updated assets reloaded before import = 0
Start importing Assets/Modules/Variants/Mod_Top-Corner_3.asset using Guid(48e197c2e8cee7b4e8bf3509684e9628) Importer(815301076,1909f56bfc062723c751e8b465ee728b)  -> (artifact id: '0555977f2c198e75e2b9925873da4e9e') in 0.006843 seconds 
Number of asset objects unloaded after import = 15
========================================================================
Received Import Request.
  Time since last request: 0.000012 seconds.
  path: Assets/Modules/Variants/Mod_Top-Corner_1.asset
  artifactKey: Guid(010ff7e45337c644aa0149e23f08e77f) Importer(815301076,1909f56bfc062723c751e8b465ee728b)
Number of updated assets reloaded before import = 0
Start importing Assets/Modules/Variants/Mod_Top-Corner_1.asset using Guid(010ff7e45337c644aa0149e23f08e77f) Importer(815301076,1909f56bfc062723c751e8b465ee728b)  -> (artifact id: '4fc065116db08cc13c3f161910e8fa27') in 0.005654 seconds 
Number of asset objects unloaded after import = 15
========================================================================
Received Import Request.
  Time since last request: 0.000012 seconds.
  path: Assets/Modules/Variants/Mod_Dirt_Wall_Edge_1.asset
  artifactKey: Guid(4cfc0575eb622854e875dadfae532630) Importer(815301076,1909f56bfc062723c751e8b465ee728b)
Number of updated assets reloaded before import = 0
Start importing Assets/Modules/Variants/Mod_Dirt_Wall_Edge_1.asset using Guid(4cfc0575eb622854e875dadfae532630) Importer(815301076,1909f56bfc062723c751e8b465ee728b)  -> (artifact id: '5ce18d10cda6294909ae69a42bbf8de7') in 0.006411 seconds 
Number of asset objects unloaded after import = 18
========================================================================
Received Import Request.
  Time since last request: 0.000014 seconds.
  path: Assets/Modules/Variants/Mod_Middle-Corner_2.asset
  artifactKey: Guid(eed9ed86d7515d34b8eb240d380ffe32) Importer(815301076,1909f56bfc062723c751e8b465ee728b)
Number of updated assets reloaded before import = 0
Start importing Assets/Modules/Variants/Mod_Middle-Corner_2.asset using Guid(eed9ed86d7515d34b8eb240d380ffe32) Importer(815301076,1909f56bfc062723c751e8b465ee728b)  -> (artifact id: 'da1805c368c660a7acf5643b039c8129') in 0.006363 seconds 
Number of asset objects unloaded after import = 15
========================================================================
Received Import Request.
  Time since last request: 0.000012 seconds.
  path: Assets/Modules/Variants/Mod_Top_Wall_Turn_3.asset
  artifactKey: Guid(33485ff9e22de8e4da2e36d7180df894) Importer(815301076,1909f56bfc062723c751e8b465ee728b)
Number of updated assets reloaded before import = 0
Start importing Assets/Modules/Variants/Mod_Top_Wall_Turn_3.asset using Guid(33485ff9e22de8e4da2e36d7180df894) Importer(815301076,1909f56bfc062723c751e8b465ee728b)  -> (artifact id: 'bfdfa7e6fa41faedf30c8ecc36e77063') in 0.006865 seconds 
Number of asset objects unloaded after import = 24
========================================================================
Received Import Request.
  Time since last request: 0.000013 seconds.
  path: Assets/Modules/Variants/Mod_Dirt_Wall_Turn_3.asset
  artifactKey: Guid(e44d556d22e286b44bdb4d06fc9baf50) Importer(815301076,1909f56bfc062723c751e8b465ee728b)
Number of updated assets reloaded before import = 0
Start importing Assets/Modules/Variants/Mod_Dirt_Wall_Turn_3.asset using Guid(e44d556d22e286b44bdb4d06fc9baf50) Importer(815301076,1909f56bfc062723c751e8b465ee728b)  -> (artifact id: 'daade6ebb23887ccd14c0f3bcee71112') in 0.007062 seconds 
Number of asset objects unloaded after import = 30
========================================================================
Received Import Request.
  Time since last request: 0.000016 seconds.
  path: Assets/Modules/Variants/Mod_Top_Turn_Corner_3.asset
  artifactKey: Guid(24810139cc7510140b36b2807a6c3a23) Importer(815301076,1909f56bfc062723c751e8b465ee728b)
Number of updated assets reloaded before import = 0
Start importing Assets/Modules/Variants/Mod_Top_Turn_Corner_3.asset using Guid(24810139cc7510140b36b2807a6c3a23) Importer(815301076,1909f56bfc062723c751e8b465ee728b)  -> (artifact id: '5421a112c597f0317630345928a5a3c1') in 0.006606 seconds 
Number of asset objects unloaded after import = 38
========================================================================
Received Import Request.
  Time since last request: 0.000012 seconds.
  path: Assets/Modules/Variants/Mod_Dirt_Wall_Corner_3.asset
  artifactKey: Guid(0f64a0cda18cdec4e8033735609bca3b) Importer(815301076,1909f56bfc062723c751e8b465ee728b)
Number of updated assets reloaded before import = 0
Start importing Assets/Modules/Variants/Mod_Dirt_Wall_Corner_3.asset using Guid(0f64a0cda18cdec4e8033735609bca3b) Importer(815301076,1909f56bfc062723c751e8b465ee728b)  -> (artifact id: 'c40ce92d620b17482491bd262de84ee0') in 0.006877 seconds 
Number of asset objects unloaded after import = 24
========================================================================
Received Import Request.
  Time since last request: 0.000013 seconds.
  path: Assets/Modules/Variants/Mod_Middle_Edge_1.asset
  artifactKey: Guid(0c9f2105245e9944eac81dfc5df6f84f) Importer(815301076,1909f56bfc062723c751e8b465ee728b)
Number of updated assets reloaded before import = 0
Start importing Assets/Modules/Variants/Mod_Middle_Edge_1.asset using Guid(0c9f2105245e9944eac81dfc5df6f84f) Importer(815301076,1909f56bfc062723c751e8b465ee728b)  -> (artifact id: '9a41ce474361b8769a4cf1bc95abba92') in 0.007474 seconds 
Number of asset objects unloaded after import = 9
========================================================================
Received Import Request.
  Time since last request: 0.000016 seconds.
  path: Assets/Modules/Variants/Mod_Middle-Corner_1.asset
  artifactKey: Guid(bcdcdfd687d0ab84fa9a9422ee2d3fc6) Importer(815301076,1909f56bfc062723c751e8b465ee728b)
Number of updated assets reloaded before import = 0
Start importing Assets/Modules/Variants/Mod_Middle-Corner_1.asset using Guid(bcdcdfd687d0ab84fa9a9422ee2d3fc6) Importer(815301076,1909f56bfc062723c751e8b465ee728b)  -> (artifact id: '251ce39e923de77204e436468877e9eb') in 0.006904 seconds 
Number of asset objects unloaded after import = 15
Editor requested this worker to shutdown with reason: Scaling down because of idle timeout
AssetImportWorker is now disconnected from the server
Process exiting
Exiting without the bug reporter. Application will terminate with return code 0