Using pre-set license
Built from '2021.3/staging' branch; Version is '2021.3.31f1 (3409e2af086f) revision 3410402'; Using compiler version '192829333'; Build Type 'Release'
OS: 'Windows 10  (10.0.19045) 64bit Core' Language: 'en' Physical Memory: 32715 MB
BatchMode: 1, IsHumanControllingUs: 0, StartBugReporterOnCrash: 0, Is64bit: 1, IsPro: 1

COMMAND LINE ARGUMENTS:
C:\Program Files\Unity\2021.3.31f1\Editor\Unity.exe
-adb2
-batchMode
-noUpm
-name
AssetImportWorker15
-projectPath
D:/AIE Projects/GitClones/CGS_3D_Dungeon_Generator-/CGS_Dungeon_Generator_plugin
-logFile
Logs/AssetImportWorker15.log
-srvPort
50055
Successfully changed project path to: D:/AIE Projects/GitClones/CGS_3D_Dungeon_Generator-/CGS_Dungeon_Generator_plugin
D:/AIE Projects/GitClones/CGS_3D_Dungeon_Generator-/CGS_Dungeon_Generator_plugin
[UnityMemory] Configuration Parameters - Can be set up in boot.config
    "memorysetup-bucket-allocator-granularity=16"
    "memorysetup-bucket-allocator-bucket-count=8"
    "memorysetup-bucket-allocator-block-size=33554432"
    "memorysetup-bucket-allocator-block-count=8"
    "memorysetup-main-allocator-block-size=16777216"
    "memorysetup-thread-allocator-block-size=16777216"
    "memorysetup-gfx-main-allocator-block-size=16777216"
    "memorysetup-gfx-thread-allocator-block-size=16777216"
    "memorysetup-cache-allocator-block-size=4194304"
    "memorysetup-typetree-allocator-block-size=2097152"
    "memorysetup-profiler-bucket-allocator-granularity=16"
    "memorysetup-profiler-bucket-allocator-bucket-count=8"
    "memorysetup-profiler-bucket-allocator-block-size=33554432"
    "memorysetup-profiler-bucket-allocator-block-count=8"
    "memorysetup-profiler-allocator-block-size=16777216"
    "memorysetup-profiler-editor-allocator-block-size=1048576"
    "memorysetup-temp-allocator-size-main=16777216"
    "memorysetup-job-temp-allocator-block-size=2097152"
    "memorysetup-job-temp-allocator-block-size-background=1048576"
    "memorysetup-job-temp-allocator-reduction-small-platforms=262144"
    "memorysetup-temp-allocator-size-background-worker=32768"
    "memorysetup-temp-allocator-size-job-worker=262144"
    "memorysetup-temp-allocator-size-preload-manager=33554432"
    "memorysetup-temp-allocator-size-nav-mesh-worker=65536"
    "memorysetup-temp-allocator-size-audio-worker=65536"
    "memorysetup-temp-allocator-size-cloud-worker=32768"
    "memorysetup-temp-allocator-size-gi-baking-worker=262144"
    "memorysetup-temp-allocator-size-gfx=262144"
Player connection [36340] Host "[IP] 192.168.0.191 [Port] 0 [Flags] 2 [Guid] 2399573720 [EditorId] 2399573720 [Version] 1048832 [Id] WindowsEditor(7,DESKTOP-32BS7FE) [Debug] 1 [PackageName] WindowsEditor [ProjectName] Editor" joined multi-casting on [225.0.0.222:54997]...

Player connection [36340] Host "[IP] 192.168.0.191 [Port] 0 [Flags] 2 [Guid] 2399573720 [EditorId] 2399573720 [Version] 1048832 [Id] WindowsEditor(7,DESKTOP-32BS7FE) [Debug] 1 [PackageName] WindowsEditor [ProjectName] Editor" joined alternative multi-casting on [225.0.0.222:34997]...

[Physics::Module] Initialized MultithreadedJobDispatcher with {0} workers.
Refreshing native plugins compatible for Editor in 72.64 ms, found 3 plugins.
Preloading 0 native plugins for Editor in 0.00 ms.
Initialize engine version: 2021.3.31f1 (3409e2af086f)
[Subsystems] Discovering subsystems at path C:/Program Files/Unity/2021.3.31f1/Editor/Data/Resources/UnitySubsystems
[Subsystems] Discovering subsystems at path D:/AIE Projects/GitClones/CGS_3D_Dungeon_Generator-/CGS_Dungeon_Generator_plugin/Assets
GfxDevice: creating device client; threaded=0; jobified=0
Direct3D:
    Version:  Direct3D 11.0 [level 11.1]
    Renderer: NVIDIA GeForce RTX 2060 (ID=0x1e89)
    Vendor:   NVIDIA
    VRAM:     5958 MB
    Driver:   31.0.15.3623
Initialize mono
Mono path[0] = 'C:/Program Files/Unity/2021.3.31f1/Editor/Data/Managed'
Mono path[1] = 'C:/Program Files/Unity/2021.3.31f1/Editor/Data/MonoBleedingEdge/lib/mono/unityjit-win32'
Mono config path = 'C:/Program Files/Unity/2021.3.31f1/Editor/Data/MonoBleedingEdge/etc'
Using monoOptions --debugger-agent=transport=dt_socket,embedding=1,server=y,suspend=n,address=127.0.0.1:56052
Begin MonoManager ReloadAssembly
Registering precompiled unity dll's ...
Register platform support module: C:/Program Files/Unity/2021.3.31f1/Editor/Data/PlaybackEngines/WebGLSupport/UnityEditor.WebGL.Extensions.dll
Register platform support module: C:/Program Files/Unity/2021.3.31f1/Editor/Data/PlaybackEngines/AndroidPlayer/UnityEditor.Android.Extensions.dll
Register platform support module: C:/Program Files/Unity/2021.3.31f1/Editor/Data/PlaybackEngines/WindowsStandaloneSupport/UnityEditor.WindowsStandalone.Extensions.dll
Register platform support module: C:/Program Files/Unity/2021.3.31f1/Editor/Data/PlaybackEngines/MetroSupport/UnityEditor.UWP.Extensions.dll
Registered in 0.013580 seconds.
Native extension for UWP target not found
Native extension for WindowsStandalone target not found
Native extension for Android target not found
Android Extension - Scanning For ADB Devices 455 ms
Native extension for WebGL target not found
Refreshing native plugins compatible for Editor in 71.24 ms, found 3 plugins.
Preloading 0 native plugins for Editor in 0.00 ms.
Mono: successfully reloaded assembly
- Completed reload, in  1.277 seconds
Domain Reload Profiling:
	ReloadAssembly (1278ms)
		BeginReloadAssembly (133ms)
			ExecutionOrderSort (0ms)
			DisableScriptedObjects (0ms)
			BackupInstance (0ms)
			ReleaseScriptingObjects (0ms)
			CreateAndSetChildDomain (1ms)
		EndReloadAssembly (1016ms)
			LoadAssemblies (129ms)
			RebuildTransferFunctionScriptingTraits (0ms)
			SetupTypeCache (135ms)
			ReleaseScriptCaches (0ms)
			RebuildScriptCaches (37ms)
			SetupLoadedEditorAssemblies (793ms)
				LogAssemblyErrors (0ms)
				InitializePlatformSupportModulesInManaged (577ms)
				SetLoadedEditorAssemblies (0ms)
				RefreshPlugins (71ms)
				BeforeProcessingInitializeOnLoad (2ms)
				ProcessInitializeOnLoadAttributes (91ms)
				ProcessInitializeOnLoadMethodAttributes (51ms)
				AfterProcessingInitializeOnLoad (0ms)
				EditorAssembliesLoaded (0ms)
			ExecutionOrderSort2 (0ms)
			AwakeInstancesAfterBackupRestoration (0ms)
Platform modules already initialized, skipping
Registering precompiled user dll's ...
Registered in 0.004504 seconds.
Begin MonoManager ReloadAssembly
Native extension for UWP target not found
Native extension for WindowsStandalone target not found
Native extension for Android target not found
Native extension for WebGL target not found
Refreshing native plugins compatible for Editor in 0.59 ms, found 3 plugins.
Preloading 0 native plugins for Editor in 0.00 ms.
Package Manager log level set to [2]
[Package Manager] Server::EnsureServerProcessIsRunning -- launch failed, reason: Unity was launched with the -noUpm command-line argument
[Package Manager] Cannot connect to Unity Package Manager local server
Mono: successfully reloaded assembly
- Completed reload, in  1.621 seconds
Domain Reload Profiling:
	ReloadAssembly (1621ms)
		BeginReloadAssembly (173ms)
			ExecutionOrderSort (0ms)
			DisableScriptedObjects (6ms)
			BackupInstance (0ms)
			ReleaseScriptingObjects (0ms)
			CreateAndSetChildDomain (27ms)
		EndReloadAssembly (1322ms)
			LoadAssemblies (137ms)
			RebuildTransferFunctionScriptingTraits (0ms)
			SetupTypeCache (310ms)
			ReleaseScriptCaches (1ms)
			RebuildScriptCaches (59ms)
			SetupLoadedEditorAssemblies (811ms)
				LogAssemblyErrors (0ms)
				InitializePlatformSupportModulesInManaged (27ms)
				SetLoadedEditorAssemblies (0ms)
				RefreshPlugins (1ms)
				BeforeProcessingInitializeOnLoad (93ms)
				ProcessInitializeOnLoadAttributes (653ms)
				ProcessInitializeOnLoadMethodAttributes (22ms)
				AfterProcessingInitializeOnLoad (13ms)
				EditorAssembliesLoaded (0ms)
			ExecutionOrderSort2 (0ms)
			AwakeInstancesAfterBackupRestoration (7ms)
Platform modules already initialized, skipping
========================================================================
Worker process is ready to serve import requests
Launched and connected shader compiler UnityShaderCompiler.exe after 0.07 seconds
Refreshing native plugins compatible for Editor in 1.36 ms, found 3 plugins.
Preloading 0 native plugins for Editor in 0.00 ms.
Unloading 3075 Unused Serialized files (Serialized files now loaded: 0)
Unloading 23 unused Assets / (49.9 MB). Loaded Objects now: 3538.
Memory consumption went from 114.1 MB to 64.2 MB.
Total: 5.370500 ms (FindLiveObjects: 0.351700 ms CreateObjectMapping: 0.080400 ms MarkObjects: 4.830100 ms  DeleteObjects: 0.107100 ms)

AssetImportParameters requested are different than current active one (requested -> active):
  custom:video-decoder-ogg-theora: a1e56fd34408186e4bbccfd4996cb3dc -> 
  custom:container-muxer-webm: aa71ff27fc2769a1b78a27578f13a17b -> 
  custom:container-demuxer-webm: 4f35f7cbe854078d1ac9338744f61a02 -> 
  custom:video-encoder-webm-vp8: eb34c28f22e8b96e1ab97ce403110664 -> 
  custom:CustomObjectIndexerAttribute: bc11b3a6c3213fcdd17b65e7da85e133 -> 
  custom:audio-encoder-webm-vorbis: bf7c407c2cedff20999df2af8eb42d56 -> 
  custom:framework-win-MediaFoundation: 216162199b28c13a410421893ffa2e32 -> 
  custom:SearchIndexIgnoredProperties: e643bd26f0fe6173181afceb89e7c659 -> 
  custom:container-demuxer-ogg: 62fdf1f143b41e24485cea50d1cbac27 -> 
  custom:video-decoder-webm-vp8: 9c59270c3fd7afecdb556c50c9e8de78 -> 
  custom:audio-decoder-ogg-vorbis: bf7c407c2cedff20999df2af8eb42d56 -> 
========================================================================
Received Import Request.
  Time since last request: 565769.827584 seconds.
  path: Assets/Modules/NewMods/Mod_Left-Half_Turn_Wall.asset
  artifactKey: Guid(3f8f492fe6f4c3d4a8112d40d5208f64) Importer(815301076,1909f56bfc062723c751e8b465ee728b)
Number of updated assets reloaded before import = 0
Start importing Assets/Modules/NewMods/Mod_Left-Half_Turn_Wall.asset using Guid(3f8f492fe6f4c3d4a8112d40d5208f64) Importer(815301076,1909f56bfc062723c751e8b465ee728b)  -> (artifact id: '46b772987b5f4a518c1d88b6da89c244') in 0.058506 seconds 
Number of asset objects unloaded after import = 283
========================================================================
Received Import Request.
  Time since last request: 9.472560 seconds.
  path: Assets/Modules/NewMods/Mod_Left-Half_Turn_Wall.asset
  artifactKey: Guid(3f8f492fe6f4c3d4a8112d40d5208f64) Importer(815301076,1909f56bfc062723c751e8b465ee728b)
Number of updated assets reloaded before import = 0
Start importing Assets/Modules/NewMods/Mod_Left-Half_Turn_Wall.asset using Guid(3f8f492fe6f4c3d4a8112d40d5208f64) Importer(815301076,1909f56bfc062723c751e8b465ee728b)  -> (artifact id: '03e11907d8d66710e555a4f28d32a37f') in 0.020464 seconds 
Number of asset objects unloaded after import = 283
========================================================================
Received Import Request.
  Time since last request: 40.034060 seconds.
  path: Assets/Modules/BasicMods/Mod_Air.asset
  artifactKey: Guid(2c224c858d32ade448bc66c9e780eb05) Importer(815301076,1909f56bfc062723c751e8b465ee728b)
Number of updated assets reloaded before import = 0
Start importing Assets/Modules/BasicMods/Mod_Air.asset using Guid(2c224c858d32ade448bc66c9e780eb05) Importer(815301076,1909f56bfc062723c751e8b465ee728b)  -> (artifact id: 'fce63209783477a3c8f362d26be32f73') in 0.009434 seconds 
Number of asset objects unloaded after import = 4
========================================================================
Received Import Request.
  Time since last request: 0.000816 seconds.
  path: Assets/Modules/BasicMods/Mod_Floor.asset
  artifactKey: Guid(9afb488264dcfc149912499f062abd3d) Importer(815301076,1909f56bfc062723c751e8b465ee728b)
Number of updated assets reloaded before import = 0
Start importing Assets/Modules/BasicMods/Mod_Floor.asset using Guid(9afb488264dcfc149912499f062abd3d) Importer(815301076,1909f56bfc062723c751e8b465ee728b)  -> (artifact id: '17ade18ba4a595cf57b25d4f70bed50b') in 0.018648 seconds 
Number of asset objects unloaded after import = 7
========================================================================
Received Import Request.
  Time since last request: 0.000030 seconds.
  path: Assets/Modules/BasicMods/Mod_Stair.asset
  artifactKey: Guid(7094b1d2af1c6314baea09ca8bbba68d) Importer(815301076,1909f56bfc062723c751e8b465ee728b)
Number of updated assets reloaded before import = 0
Start importing Assets/Modules/BasicMods/Mod_Stair.asset using Guid(7094b1d2af1c6314baea09ca8bbba68d) Importer(815301076,1909f56bfc062723c751e8b465ee728b)  -> (artifact id: '132a1c889c4165633b841c45c6458c12') in 0.011278 seconds 
Number of asset objects unloaded after import = 7
========================================================================
Received Import Request.
  Time since last request: 0.000030 seconds.
  path: Assets/Modules/BasicMods/Mod_CornerWall.asset
  artifactKey: Guid(35ab2665e6aaa7e4081ba5ccfff0afc2) Importer(815301076,1909f56bfc062723c751e8b465ee728b)
Number of updated assets reloaded before import = 0
Start importing Assets/Modules/BasicMods/Mod_CornerWall.asset using Guid(35ab2665e6aaa7e4081ba5ccfff0afc2) Importer(815301076,1909f56bfc062723c751e8b465ee728b)  -> (artifact id: 'a5b043829c103c829450e95ebca1e053') in 0.011144 seconds 
Number of asset objects unloaded after import = 13
========================================================================
Received Import Request.
  Time since last request: 0.000025 seconds.
  path: Assets/Modules/BasicMods/Mod_BridgeStart.asset
  artifactKey: Guid(3c5d04938b8fafd40a1d78d9429be0ff) Importer(815301076,1909f56bfc062723c751e8b465ee728b)
Number of updated assets reloaded before import = 0
Start importing Assets/Modules/BasicMods/Mod_BridgeStart.asset using Guid(3c5d04938b8fafd40a1d78d9429be0ff) Importer(815301076,1909f56bfc062723c751e8b465ee728b)  -> (artifact id: '1fa351e9f2e03033c7c7ac50dd9ef54e') in 0.013258 seconds 
Number of asset objects unloaded after import = 14
========================================================================
Received Import Request.
  Time since last request: 0.000022 seconds.
  path: Assets/Modules/BasicMods/Mod_ThreeEdgeWall.asset
  artifactKey: Guid(872b0199901dd46499534a9f77d3ff56) Importer(815301076,1909f56bfc062723c751e8b465ee728b)
Number of updated assets reloaded before import = 0
Start importing Assets/Modules/BasicMods/Mod_ThreeEdgeWall.asset using Guid(872b0199901dd46499534a9f77d3ff56) Importer(815301076,1909f56bfc062723c751e8b465ee728b)  -> (artifact id: 'f1a1fdd7f9db51158470043fd8bb7304') in 0.011464 seconds 
Number of asset objects unloaded after import = 17
========================================================================
Received Import Request.
  Time since last request: 0.000027 seconds.
  path: Assets/Modules/BasicMods/Mod_FloorInterest.asset
  artifactKey: Guid(7c25adaa47f1d8649940acb61230c9e6) Importer(815301076,1909f56bfc062723c751e8b465ee728b)
Number of updated assets reloaded before import = 0
Start importing Assets/Modules/BasicMods/Mod_FloorInterest.asset using Guid(7c25adaa47f1d8649940acb61230c9e6) Importer(815301076,1909f56bfc062723c751e8b465ee728b)  -> (artifact id: '1ce6cb84c98fb0023a4c376c81456985') in 0.012589 seconds 
Number of asset objects unloaded after import = 7
========================================================================
Received Import Request.
  Time since last request: 0.000025 seconds.
  path: Assets/Modules/BasicMods/Mod_Dirt.asset
  artifactKey: Guid(ec17b3cd3cbe2d74a80c224db99b8b36) Importer(815301076,1909f56bfc062723c751e8b465ee728b)
Number of updated assets reloaded before import = 0
Start importing Assets/Modules/BasicMods/Mod_Dirt.asset using Guid(ec17b3cd3cbe2d74a80c224db99b8b36) Importer(815301076,1909f56bfc062723c751e8b465ee728b)  -> (artifact id: '8d4c470e8c5a04934ee09356595eb030') in 0.011405 seconds 
Number of asset objects unloaded after import = 7
========================================================================
Received Import Request.
  Time since last request: 52.281323 seconds.
  path: Assets/Modules/BasicMods/Mod_Air.asset
  artifactKey: Guid(2c224c858d32ade448bc66c9e780eb05) Importer(815301076,1909f56bfc062723c751e8b465ee728b)
Number of updated assets reloaded before import = 0
Start importing Assets/Modules/BasicMods/Mod_Air.asset using Guid(2c224c858d32ade448bc66c9e780eb05) Importer(815301076,1909f56bfc062723c751e8b465ee728b)  -> (artifact id: '2caa0759476c1943400078d9f92ce456') in 0.026173 seconds 
Number of asset objects unloaded after import = 286
========================================================================
Received Import Request.
  Time since last request: 343.800076 seconds.
  path: Assets/Modules/Variants/Mod_Left-Half_Turn_Wall_1.asset
  artifactKey: Guid(8dd321836afc08e44be63e61aebe28da) Importer(815301076,1909f56bfc062723c751e8b465ee728b)
Number of updated assets reloaded before import = 0
Start importing Assets/Modules/Variants/Mod_Left-Half_Turn_Wall_1.asset using Guid(8dd321836afc08e44be63e61aebe28da) Importer(815301076,1909f56bfc062723c751e8b465ee728b)  -> (artifact id: '1e67773432d79a84a1277d1689df254e') in 0.004034 seconds 
Number of asset objects unloaded after import = 24
========================================================================
Received Import Request.
  Time since last request: 0.000021 seconds.
  path: Assets/Modules/Variants/Mod_Left-Half_Turn_Wall_3.asset
  artifactKey: Guid(fa90021d799f2a542ad958390636ce68) Importer(815301076,1909f56bfc062723c751e8b465ee728b)
Number of updated assets reloaded before import = 0
Start importing Assets/Modules/Variants/Mod_Left-Half_Turn_Wall_3.asset using Guid(fa90021d799f2a542ad958390636ce68) Importer(815301076,1909f56bfc062723c751e8b465ee728b)  -> (artifact id: '1561f133836704117860a8f6e9a4541b') in 0.003323 seconds 
Number of asset objects unloaded after import = 24
========================================================================
Received Import Request.
  Time since last request: 348.955164 seconds.
  path: Assets/Models/NewMicroModels/Edge.prefab
  artifactKey: Guid(1ab433120f1300c4e98b84c2d18869d1) Importer(815301076,1909f56bfc062723c751e8b465ee728b)
Number of updated assets reloaded before import = 0
Start importing Assets/Models/NewMicroModels/Edge.prefab using Guid(1ab433120f1300c4e98b84c2d18869d1) Importer(815301076,1909f56bfc062723c751e8b465ee728b)  -> (artifact id: '07c925eea1a75379b936ef0fc459b3c6') in 0.090308 seconds 
Number of asset objects unloaded after import = 36
========================================================================
Received Import Request.
  Time since last request: 89.415048 seconds.
  path: Assets/Models/NewMicroModels/AllObjects 1.prefab
  artifactKey: Guid(c7b67282bd0ccc04fb4b8b43961f52d1) Importer(815301076,1909f56bfc062723c751e8b465ee728b)
Number of updated assets reloaded before import = 0
Start importing Assets/Models/NewMicroModels/AllObjects 1.prefab using Guid(c7b67282bd0ccc04fb4b8b43961f52d1) Importer(815301076,1909f56bfc062723c751e8b465ee728b)  -> (artifact id: 'fa055c24bbec1d1b061bef6cea0120cf') in 0.027775 seconds 
Number of asset objects unloaded after import = 514
========================================================================
Received Import Request.
  Time since last request: 0.000028 seconds.
  path: Assets/Models/NewMicroModels/TurnWallRight.prefab
  artifactKey: Guid(9635ffcaa93e94542b2d6b6e295969c5) Importer(815301076,1909f56bfc062723c751e8b465ee728b)
Number of updated assets reloaded before import = 0
Start importing Assets/Models/NewMicroModels/TurnWallRight.prefab using Guid(9635ffcaa93e94542b2d6b6e295969c5) Importer(815301076,1909f56bfc062723c751e8b465ee728b)  -> (artifact id: '09b352f2b5aee8fd54f26282399034bd') in 0.021083 seconds 
Number of asset objects unloaded after import = 46
Editor requested this worker to shutdown with reason: Scaling down because of idle timeout
AssetImportWorker is now disconnected from the server
Process exiting
Exiting without the bug reporter. Application will terminate with return code 0