Using pre-set license
Built from '2021.3/staging' branch; Version is '2021.3.31f1 (3409e2af086f) revision 3410402'; Using compiler version '192829333'; Build Type 'Release'
OS: 'Windows 10  (10.0.19045) 64bit Core' Language: 'en' Physical Memory: 32715 MB
BatchMode: 1, IsHumanControllingUs: 0, StartBugReporterOnCrash: 0, Is64bit: 1, IsPro: 1

COMMAND LINE ARGUMENTS:
C:\Program Files\Unity\2021.3.31f1\Editor\Unity.exe
-adb2
-batchMode
-noUpm
-name
AssetImportWorker11
-projectPath
D:/AIE Projects/GitClones/CGS_3D_Dungeon_Generator-/CGS_Dungeon_Generator_plugin
-logFile
Logs/AssetImportWorker11.log
-srvPort
52522
Successfully changed project path to: D:/AIE Projects/GitClones/CGS_3D_Dungeon_Generator-/CGS_Dungeon_Generator_plugin
D:/AIE Projects/GitClones/CGS_3D_Dungeon_Generator-/CGS_Dungeon_Generator_plugin
[UnityMemory] Configuration Parameters - Can be set up in boot.config
    "memorysetup-bucket-allocator-granularity=16"
    "memorysetup-bucket-allocator-bucket-count=8"
    "memorysetup-bucket-allocator-block-size=33554432"
    "memorysetup-bucket-allocator-block-count=8"
    "memorysetup-main-allocator-block-size=16777216"
    "memorysetup-thread-allocator-block-size=16777216"
    "memorysetup-gfx-main-allocator-block-size=16777216"
    "memorysetup-gfx-thread-allocator-block-size=16777216"
    "memorysetup-cache-allocator-block-size=4194304"
    "memorysetup-typetree-allocator-block-size=2097152"
    "memorysetup-profiler-bucket-allocator-granularity=16"
    "memorysetup-profiler-bucket-allocator-bucket-count=8"
    "memorysetup-profiler-bucket-allocator-block-size=33554432"
    "memorysetup-profiler-bucket-allocator-block-count=8"
    "memorysetup-profiler-allocator-block-size=16777216"
    "memorysetup-profiler-editor-allocator-block-size=1048576"
    "memorysetup-temp-allocator-size-main=16777216"
    "memorysetup-job-temp-allocator-block-size=2097152"
    "memorysetup-job-temp-allocator-block-size-background=1048576"
    "memorysetup-job-temp-allocator-reduction-small-platforms=262144"
    "memorysetup-temp-allocator-size-background-worker=32768"
    "memorysetup-temp-allocator-size-job-worker=262144"
    "memorysetup-temp-allocator-size-preload-manager=33554432"
    "memorysetup-temp-allocator-size-nav-mesh-worker=65536"
    "memorysetup-temp-allocator-size-audio-worker=65536"
    "memorysetup-temp-allocator-size-cloud-worker=32768"
    "memorysetup-temp-allocator-size-gi-baking-worker=262144"
    "memorysetup-temp-allocator-size-gfx=262144"
Player connection [22532] Host "[IP] 192.168.0.191 [Port] 0 [Flags] 2 [Guid] 604664212 [EditorId] 604664212 [Version] 1048832 [Id] WindowsEditor(7,DESKTOP-32BS7FE) [Debug] 1 [PackageName] WindowsEditor [ProjectName] Editor" joined multi-casting on [225.0.0.222:54997]...

Player connection [22532] Host "[IP] 192.168.0.191 [Port] 0 [Flags] 2 [Guid] 604664212 [EditorId] 604664212 [Version] 1048832 [Id] WindowsEditor(7,DESKTOP-32BS7FE) [Debug] 1 [PackageName] WindowsEditor [ProjectName] Editor" joined alternative multi-casting on [225.0.0.222:34997]...

[Physics::Module] Initialized MultithreadedJobDispatcher with {0} workers.
Refreshing native plugins compatible for Editor in 93.94 ms, found 3 plugins.
Preloading 0 native plugins for Editor in 0.00 ms.
Initialize engine version: 2021.3.31f1 (3409e2af086f)
[Subsystems] Discovering subsystems at path C:/Program Files/Unity/2021.3.31f1/Editor/Data/Resources/UnitySubsystems
[Subsystems] Discovering subsystems at path D:/AIE Projects/GitClones/CGS_3D_Dungeon_Generator-/CGS_Dungeon_Generator_plugin/Assets
GfxDevice: creating device client; threaded=0; jobified=0
Direct3D:
    Version:  Direct3D 11.0 [level 11.1]
    Renderer: NVIDIA GeForce RTX 2060 (ID=0x1e89)
    Vendor:   NVIDIA
    VRAM:     5958 MB
    Driver:   31.0.15.3623
Initialize mono
Mono path[0] = 'C:/Program Files/Unity/2021.3.31f1/Editor/Data/Managed'
Mono path[1] = 'C:/Program Files/Unity/2021.3.31f1/Editor/Data/MonoBleedingEdge/lib/mono/unityjit-win32'
Mono config path = 'C:/Program Files/Unity/2021.3.31f1/Editor/Data/MonoBleedingEdge/etc'
Using monoOptions --debugger-agent=transport=dt_socket,embedding=1,server=y,suspend=n,address=127.0.0.1:56788
Begin MonoManager ReloadAssembly
Registering precompiled unity dll's ...
Register platform support module: C:/Program Files/Unity/2021.3.31f1/Editor/Data/PlaybackEngines/WebGLSupport/UnityEditor.WebGL.Extensions.dll
Register platform support module: C:/Program Files/Unity/2021.3.31f1/Editor/Data/PlaybackEngines/AndroidPlayer/UnityEditor.Android.Extensions.dll
Register platform support module: C:/Program Files/Unity/2021.3.31f1/Editor/Data/PlaybackEngines/WindowsStandaloneSupport/UnityEditor.WindowsStandalone.Extensions.dll
Register platform support module: C:/Program Files/Unity/2021.3.31f1/Editor/Data/PlaybackEngines/MetroSupport/UnityEditor.UWP.Extensions.dll
Registered in 0.013673 seconds.
Native extension for UWP target not found
Native extension for WindowsStandalone target not found
Native extension for Android target not found
Android Extension - Scanning For ADB Devices 443 ms
Native extension for WebGL target not found
Refreshing native plugins compatible for Editor in 80.14 ms, found 3 plugins.
Preloading 0 native plugins for Editor in 0.00 ms.
Mono: successfully reloaded assembly
- Completed reload, in  1.234 seconds
Domain Reload Profiling:
	ReloadAssembly (1234ms)
		BeginReloadAssembly (115ms)
			ExecutionOrderSort (0ms)
			DisableScriptedObjects (0ms)
			BackupInstance (0ms)
			ReleaseScriptingObjects (0ms)
			CreateAndSetChildDomain (1ms)
		EndReloadAssembly (996ms)
			LoadAssemblies (112ms)
			RebuildTransferFunctionScriptingTraits (0ms)
			SetupTypeCache (130ms)
			ReleaseScriptCaches (0ms)
			RebuildScriptCaches (31ms)
			SetupLoadedEditorAssemblies (788ms)
				LogAssemblyErrors (0ms)
				InitializePlatformSupportModulesInManaged (562ms)
				SetLoadedEditorAssemblies (1ms)
				RefreshPlugins (80ms)
				BeforeProcessingInitializeOnLoad (1ms)
				ProcessInitializeOnLoadAttributes (97ms)
				ProcessInitializeOnLoadMethodAttributes (47ms)
				AfterProcessingInitializeOnLoad (0ms)
				EditorAssembliesLoaded (0ms)
			ExecutionOrderSort2 (0ms)
			AwakeInstancesAfterBackupRestoration (0ms)
Platform modules already initialized, skipping
Registering precompiled user dll's ...
Registered in 0.004736 seconds.
Begin MonoManager ReloadAssembly
Native extension for UWP target not found
Native extension for WindowsStandalone target not found
Native extension for Android target not found
Native extension for WebGL target not found
Refreshing native plugins compatible for Editor in 0.80 ms, found 3 plugins.
Preloading 0 native plugins for Editor in 0.00 ms.
Package Manager log level set to [2]
[Package Manager] Server::EnsureServerProcessIsRunning -- launch failed, reason: Unity was launched with the -noUpm command-line argument
[Package Manager] Cannot connect to Unity Package Manager local server
Mono: successfully reloaded assembly
- Completed reload, in  1.551 seconds
Domain Reload Profiling:
	ReloadAssembly (1552ms)
		BeginReloadAssembly (169ms)
			ExecutionOrderSort (0ms)
			DisableScriptedObjects (6ms)
			BackupInstance (0ms)
			ReleaseScriptingObjects (0ms)
			CreateAndSetChildDomain (29ms)
		EndReloadAssembly (1237ms)
			LoadAssemblies (135ms)
			RebuildTransferFunctionScriptingTraits (0ms)
			SetupTypeCache (305ms)
			ReleaseScriptCaches (1ms)
			RebuildScriptCaches (52ms)
			SetupLoadedEditorAssemblies (728ms)
				LogAssemblyErrors (0ms)
				InitializePlatformSupportModulesInManaged (30ms)
				SetLoadedEditorAssemblies (1ms)
				RefreshPlugins (1ms)
				BeforeProcessingInitializeOnLoad (83ms)
				ProcessInitializeOnLoadAttributes (578ms)
				ProcessInitializeOnLoadMethodAttributes (23ms)
				AfterProcessingInitializeOnLoad (13ms)
				EditorAssembliesLoaded (0ms)
			ExecutionOrderSort2 (0ms)
			AwakeInstancesAfterBackupRestoration (7ms)
Platform modules already initialized, skipping
========================================================================
Worker process is ready to serve import requests
Launched and connected shader compiler UnityShaderCompiler.exe after 0.13 seconds
Refreshing native plugins compatible for Editor in 1.45 ms, found 3 plugins.
Preloading 0 native plugins for Editor in 0.00 ms.
Unloading 3078 Unused Serialized files (Serialized files now loaded: 0)
Unloading 23 unused Assets / (46.4 KB). Loaded Objects now: 3542.
Memory consumption went from 114.3 MB to 114.2 MB.
Total: 4.261100 ms (FindLiveObjects: 0.605500 ms CreateObjectMapping: 0.107100 ms MarkObjects: 3.412100 ms  DeleteObjects: 0.134400 ms)

AssetImportParameters requested are different than current active one (requested -> active):
  custom:video-decoder-ogg-theora: a1e56fd34408186e4bbccfd4996cb3dc -> 
  custom:container-muxer-webm: aa71ff27fc2769a1b78a27578f13a17b -> 
  custom:container-demuxer-webm: 4f35f7cbe854078d1ac9338744f61a02 -> 
  custom:video-encoder-webm-vp8: eb34c28f22e8b96e1ab97ce403110664 -> 
  custom:CustomObjectIndexerAttribute: bc11b3a6c3213fcdd17b65e7da85e133 -> 
  custom:audio-encoder-webm-vorbis: bf7c407c2cedff20999df2af8eb42d56 -> 
  custom:framework-win-MediaFoundation: 216162199b28c13a410421893ffa2e32 -> 
  custom:SearchIndexIgnoredProperties: e643bd26f0fe6173181afceb89e7c659 -> 
  custom:container-demuxer-ogg: 62fdf1f143b41e24485cea50d1cbac27 -> 
  custom:video-decoder-webm-vp8: 9c59270c3fd7afecdb556c50c9e8de78 -> 
  custom:audio-decoder-ogg-vorbis: bf7c407c2cedff20999df2af8eb42d56 -> 
========================================================================
Received Import Request.
  Time since last request: 2640988.248909 seconds.
  path: Assets/3DGe_DevTool/Modules/Variants/Mod_Top_Turn_Corner_3.asset
  artifactKey: Guid(12a86f65f4750bf4491993d238857d21) Importer(815301076,1909f56bfc062723c751e8b465ee728b)
Number of updated assets reloaded before import = 0
Start importing Assets/3DGe_DevTool/Modules/Variants/Mod_Top_Turn_Corner_3.asset using Guid(12a86f65f4750bf4491993d238857d21) Importer(815301076,1909f56bfc062723c751e8b465ee728b)  -> (artifact id: '1eb00727c944fdbc01394a0c6ded755d') in 0.049615 seconds 
Number of asset objects unloaded after import = 1
========================================================================
Received Import Request.
  Time since last request: 48.001848 seconds.
  path: Assets/3DGe_DevTool/Modules/Variants/EMPTY MODULE FOR FILE USE.asset
  artifactKey: Guid(e41591cd2ed06bc419903654b6fa5888) Importer(815301076,1909f56bfc062723c751e8b465ee728b)
Number of updated assets reloaded before import = 0
Start importing Assets/3DGe_DevTool/Modules/Variants/EMPTY MODULE FOR FILE USE.asset using Guid(e41591cd2ed06bc419903654b6fa5888) Importer(815301076,1909f56bfc062723c751e8b465ee728b)  -> (artifact id: '4f365df3ceff3f0f4af046decf7bb8ad') in 0.009226 seconds 
Number of asset objects unloaded after import = 1
========================================================================
Received Import Request.
  Time since last request: 12.558030 seconds.
  path: Assets/3DGe_DevTool/Modules/Variants/EMPTY MODULE FOR FILE TRANSFERENCE.asset
  artifactKey: Guid(e41591cd2ed06bc419903654b6fa5888) Importer(815301076,1909f56bfc062723c751e8b465ee728b)
Number of updated assets reloaded before import = 0
Start importing Assets/3DGe_DevTool/Modules/Variants/EMPTY MODULE FOR FILE TRANSFERENCE.asset using Guid(e41591cd2ed06bc419903654b6fa5888) Importer(815301076,1909f56bfc062723c751e8b465ee728b)  -> (artifact id: '1fa484c418b21747721be52154643fa7') in 0.009798 seconds 
Number of asset objects unloaded after import = 1
========================================================================
Received Import Request.
  Time since last request: 68.975054 seconds.
  path: Assets/3DGe_DevTool/Generator.prefab
  artifactKey: Guid(d4f59e93eeab97c4ab8cf3385452a149) Importer(815301076,1909f56bfc062723c751e8b465ee728b)
Number of updated assets reloaded before import = 0
Start importing Assets/3DGe_DevTool/Generator.prefab using Guid(d4f59e93eeab97c4ab8cf3385452a149) Importer(815301076,1909f56bfc062723c751e8b465ee728b)  -> (artifact id: '8afd5d2b7ed314469c26df3b149c6481') in 0.044367 seconds 
Number of asset objects unloaded after import = 63
========================================================================
Received Import Request.
  Time since last request: 122.163533 seconds.
  path: Assets/3DGe_DevTool/Models/StandardMicroModelSet/PATH.prefab
  artifactKey: Guid(c3371a352a95e104ab3f423a3c8278f4) Importer(815301076,1909f56bfc062723c751e8b465ee728b)
Number of updated assets reloaded before import = 0
Start importing Assets/3DGe_DevTool/Models/StandardMicroModelSet/PATH.prefab using Guid(c3371a352a95e104ab3f423a3c8278f4) Importer(815301076,1909f56bfc062723c751e8b465ee728b)  -> (artifact id: 'e3cad83aa8118067d2e03dcb87d2cbf5') in 0.063445 seconds 
Number of asset objects unloaded after import = 18
========================================================================
Received Import Request.
  Time since last request: 931.500848 seconds.
  path: Assets/3DGe_DevTool/Modules/Standard Modules/Mod_Path.asset
  artifactKey: Guid(31f38f0d97703904fb0d9c52e46872ce) Importer(815301076,1909f56bfc062723c751e8b465ee728b)
Number of updated assets reloaded before import = 0
Start importing Assets/3DGe_DevTool/Modules/Standard Modules/Mod_Path.asset using Guid(31f38f0d97703904fb0d9c52e46872ce) Importer(815301076,1909f56bfc062723c751e8b465ee728b)  -> (artifact id: '749105665fc2366c20f881e149eab3d0') in 0.024333 seconds 
Number of asset objects unloaded after import = 38
========================================================================
Received Import Request.
  Time since last request: 15.636403 seconds.
  path: Assets/3DGe_DevTool/Modules/Standard Modules/Mod_Corner.asset
  artifactKey: Guid(0ce856a5fc61c1d4cb08adb071047118) Importer(815301076,1909f56bfc062723c751e8b465ee728b)
Number of updated assets reloaded before import = 0
Start importing Assets/3DGe_DevTool/Modules/Standard Modules/Mod_Corner.asset using Guid(0ce856a5fc61c1d4cb08adb071047118) Importer(815301076,1909f56bfc062723c751e8b465ee728b)  -> (artifact id: '31b11a01ab239b58c4405b63b9bb60c2') in 0.020954 seconds 
Number of asset objects unloaded after import = 30
========================================================================
Received Import Request.
  Time since last request: 45.739187 seconds.
  path: Assets/3DGe_DevTool/Modules/Standard Modules/Mod_Wall.asset
  artifactKey: Guid(0f427102216b8104ab4b1ea247746584) Importer(815301076,1909f56bfc062723c751e8b465ee728b)
Number of updated assets reloaded before import = 0
Start importing Assets/3DGe_DevTool/Modules/Standard Modules/Mod_Wall.asset using Guid(0f427102216b8104ab4b1ea247746584) Importer(815301076,1909f56bfc062723c751e8b465ee728b)  -> (artifact id: 'cd610b184b4312a54e21fcb72c90a5e8') in 0.008983 seconds 
Number of asset objects unloaded after import = 1
========================================================================
Received Import Request.
  Time since last request: 13.926336 seconds.
  path: Assets/3DGe_DevTool/Modules/Standard Modules/Mod_Wall-Corner.asset
  artifactKey: Guid(0ce856a5fc61c1d4cb08adb071047118) Importer(815301076,1909f56bfc062723c751e8b465ee728b)
Number of updated assets reloaded before import = 0
Start importing Assets/3DGe_DevTool/Modules/Standard Modules/Mod_Wall-Corner.asset using Guid(0ce856a5fc61c1d4cb08adb071047118) Importer(815301076,1909f56bfc062723c751e8b465ee728b)  -> (artifact id: 'ec9b985d9722202cfa4dd16ec3cd8c80') in 0.021895 seconds 
Number of asset objects unloaded after import = 44
========================================================================
Received Import Request.
  Time since last request: 206.631947 seconds.
  path: Assets/3DGe_DevTool/Modules/Standard Modules/Mod_Dirt.asset
  artifactKey: Guid(ec17b3cd3cbe2d74a80c224db99b8b36) Importer(815301076,1909f56bfc062723c751e8b465ee728b)
Number of updated assets reloaded before import = 0
Start importing Assets/3DGe_DevTool/Modules/Standard Modules/Mod_Dirt.asset using Guid(ec17b3cd3cbe2d74a80c224db99b8b36) Importer(815301076,1909f56bfc062723c751e8b465ee728b)  -> (artifact id: '370c3718ac6958c346b96b80902b1479') in 0.041805 seconds 
Number of asset objects unloaded after import = 52
========================================================================
Received Import Request.
  Time since last request: 0.000018 seconds.
  path: Assets/3DGe_DevTool/Modules/Standard Modules/Mod_Wall.asset
  artifactKey: Guid(0f427102216b8104ab4b1ea247746584) Importer(815301076,1909f56bfc062723c751e8b465ee728b)
Number of updated assets reloaded before import = 0
Start importing Assets/3DGe_DevTool/Modules/Standard Modules/Mod_Wall.asset using Guid(0f427102216b8104ab4b1ea247746584) Importer(815301076,1909f56bfc062723c751e8b465ee728b)  -> (artifact id: '6391da137eb1b5a9832c33608c7cfb96') in 0.003012 seconds 
Number of asset objects unloaded after import = 9
========================================================================
Received Import Request.
  Time since last request: 108.473455 seconds.
  path: Assets/3DGe_DevTool/Generator.prefab
  artifactKey: Guid(d4f59e93eeab97c4ab8cf3385452a149) Importer(815301076,1909f56bfc062723c751e8b465ee728b)
Number of updated assets reloaded before import = 0
Start importing Assets/3DGe_DevTool/Generator.prefab using Guid(d4f59e93eeab97c4ab8cf3385452a149) Importer(815301076,1909f56bfc062723c751e8b465ee728b)  -> (artifact id: '526372335844c4d35f79bc05dce7d5cd') in 0.020102 seconds 
Number of asset objects unloaded after import = 66
========================================================================
Received Import Request.
  Time since last request: 10.933937 seconds.
  path: Assets/3DGe_DevTool/Generator.prefab
  artifactKey: Guid(d4f59e93eeab97c4ab8cf3385452a149) Importer(815301076,1909f56bfc062723c751e8b465ee728b)
Number of updated assets reloaded before import = 0
Start importing Assets/3DGe_DevTool/Generator.prefab using Guid(d4f59e93eeab97c4ab8cf3385452a149) Importer(815301076,1909f56bfc062723c751e8b465ee728b)  -> (artifact id: 'e9402407f6334cfa0eb3b83ef0876164') in 0.017843 seconds 
Number of asset objects unloaded after import = 72
========================================================================
Received Import Request.
  Time since last request: 98.096794 seconds.
  path: Assets/3DGe_DevTool/Modules/Variants/EMPTY MODULE - MAKE VARIANT FILE TRANSFERABLE.asset
  artifactKey: Guid(b1f45a1beaeda1444839af3307dad142) Importer(815301076,1909f56bfc062723c751e8b465ee728b)
Number of updated assets reloaded before import = 0
Start importing Assets/3DGe_DevTool/Modules/Variants/EMPTY MODULE - MAKE VARIANT FILE TRANSFERABLE.asset using Guid(b1f45a1beaeda1444839af3307dad142) Importer(815301076,1909f56bfc062723c751e8b465ee728b)  -> (artifact id: '06f50a92c420dc5b02b1a1911c06857a') in 0.008790 seconds 
Number of asset objects unloaded after import = 1
========================================================================
Received Import Request.
  Time since last request: 84.294059 seconds.
  path: Assets/3DGe_DevTool/Modules/Standard Modules/Mod_Wall-Corner.asset
  artifactKey: Guid(0ce856a5fc61c1d4cb08adb071047118) Importer(815301076,1909f56bfc062723c751e8b465ee728b)
Number of updated assets reloaded before import = 0
Start importing Assets/3DGe_DevTool/Modules/Standard Modules/Mod_Wall-Corner.asset using Guid(0ce856a5fc61c1d4cb08adb071047118) Importer(815301076,1909f56bfc062723c751e8b465ee728b)  -> (artifact id: '766815a4a72827e5976d1e4bcd49f728') in 0.019394 seconds 
Number of asset objects unloaded after import = 60
========================================================================
Received Import Request.
  Time since last request: 0.009621 seconds.
  path: Assets/3DGe_DevTool/Scripts/Sc_ModGenerator.cs
  artifactKey: Guid(512541b95af3b6b4680fbd1f09a29cf9) Importer(815301076,1909f56bfc062723c751e8b465ee728b)
Number of updated assets reloaded before import = 0
Start importing Assets/3DGe_DevTool/Scripts/Sc_ModGenerator.cs using Guid(512541b95af3b6b4680fbd1f09a29cf9) Importer(815301076,1909f56bfc062723c751e8b465ee728b)  -> (artifact id: '270094ce9876fc1fdf7c58fc6482d369') in 0.010061 seconds 
Number of asset objects unloaded after import = 0
========================================================================
Received Import Request.
  Time since last request: 0.003620 seconds.
  path: Assets/3DGe_DevTool/Scripts/Map.cs
  artifactKey: Guid(3c9bf29a186c03340aafb9d4581502dc) Importer(815301076,1909f56bfc062723c751e8b465ee728b)
Number of updated assets reloaded before import = 0
Start importing Assets/3DGe_DevTool/Scripts/Map.cs using Guid(3c9bf29a186c03340aafb9d4581502dc) Importer(815301076,1909f56bfc062723c751e8b465ee728b)  -> (artifact id: '42e8662324db786e42240b9a835eeb90') in 0.006465 seconds 
Number of asset objects unloaded after import = 0
