Using pre-set license
Built from '2021.3/staging' branch; Version is '2021.3.31f1 (3409e2af086f) revision 3410402'; Using compiler version '192829333'; Build Type 'Release'
OS: 'Windows 10  (10.0.19045) 64bit Core' Language: 'en' Physical Memory: 32715 MB
BatchMode: 1, IsHumanControllingUs: 0, StartBugReporterOnCrash: 0, Is64bit: 1, IsPro: 1

COMMAND LINE ARGUMENTS:
C:\Program Files\Unity\2021.3.31f1\Editor\Unity.exe
-adb2
-batchMode
-noUpm
-name
AssetImportWorker7
-projectPath
D:/AIE Projects/GitClones/CGS_3D_Dungeon_Generator-/CGS_Dungeon_Generator_plugin
-logFile
Logs/AssetImportWorker7.log
-srvPort
52522
Successfully changed project path to: D:/AIE Projects/GitClones/CGS_3D_Dungeon_Generator-/CGS_Dungeon_Generator_plugin
D:/AIE Projects/GitClones/CGS_3D_Dungeon_Generator-/CGS_Dungeon_Generator_plugin
[UnityMemory] Configuration Parameters - Can be set up in boot.config
    "memorysetup-bucket-allocator-granularity=16"
    "memorysetup-bucket-allocator-bucket-count=8"
    "memorysetup-bucket-allocator-block-size=33554432"
    "memorysetup-bucket-allocator-block-count=8"
    "memorysetup-main-allocator-block-size=16777216"
    "memorysetup-thread-allocator-block-size=16777216"
    "memorysetup-gfx-main-allocator-block-size=16777216"
    "memorysetup-gfx-thread-allocator-block-size=16777216"
    "memorysetup-cache-allocator-block-size=4194304"
    "memorysetup-typetree-allocator-block-size=2097152"
    "memorysetup-profiler-bucket-allocator-granularity=16"
    "memorysetup-profiler-bucket-allocator-bucket-count=8"
    "memorysetup-profiler-bucket-allocator-block-size=33554432"
    "memorysetup-profiler-bucket-allocator-block-count=8"
    "memorysetup-profiler-allocator-block-size=16777216"
    "memorysetup-profiler-editor-allocator-block-size=1048576"
    "memorysetup-temp-allocator-size-main=16777216"
    "memorysetup-job-temp-allocator-block-size=2097152"
    "memorysetup-job-temp-allocator-block-size-background=1048576"
    "memorysetup-job-temp-allocator-reduction-small-platforms=262144"
    "memorysetup-temp-allocator-size-background-worker=32768"
    "memorysetup-temp-allocator-size-job-worker=262144"
    "memorysetup-temp-allocator-size-preload-manager=33554432"
    "memorysetup-temp-allocator-size-nav-mesh-worker=65536"
    "memorysetup-temp-allocator-size-audio-worker=65536"
    "memorysetup-temp-allocator-size-cloud-worker=32768"
    "memorysetup-temp-allocator-size-gi-baking-worker=262144"
    "memorysetup-temp-allocator-size-gfx=262144"
Player connection [93188] Host "[IP] 192.168.0.191 [Port] 0 [Flags] 2 [Guid] 482037536 [EditorId] 482037536 [Version] 1048832 [Id] WindowsEditor(7,DESKTOP-32BS7FE) [Debug] 1 [PackageName] WindowsEditor [ProjectName] Editor" joined multi-casting on [225.0.0.222:54997]...

Player connection [93188] Host "[IP] 192.168.0.191 [Port] 0 [Flags] 2 [Guid] 482037536 [EditorId] 482037536 [Version] 1048832 [Id] WindowsEditor(7,DESKTOP-32BS7FE) [Debug] 1 [PackageName] WindowsEditor [ProjectName] Editor" joined alternative multi-casting on [225.0.0.222:34997]...

[Physics::Module] Initialized MultithreadedJobDispatcher with {0} workers.
Refreshing native plugins compatible for Editor in 71.39 ms, found 3 plugins.
Preloading 0 native plugins for Editor in 0.00 ms.
Initialize engine version: 2021.3.31f1 (3409e2af086f)
[Subsystems] Discovering subsystems at path C:/Program Files/Unity/2021.3.31f1/Editor/Data/Resources/UnitySubsystems
[Subsystems] Discovering subsystems at path D:/AIE Projects/GitClones/CGS_3D_Dungeon_Generator-/CGS_Dungeon_Generator_plugin/Assets
GfxDevice: creating device client; threaded=0; jobified=0
Direct3D:
    Version:  Direct3D 11.0 [level 11.1]
    Renderer: NVIDIA GeForce RTX 2060 (ID=0x1e89)
    Vendor:   NVIDIA
    VRAM:     5958 MB
    Driver:   31.0.15.3623
Initialize mono
Mono path[0] = 'C:/Program Files/Unity/2021.3.31f1/Editor/Data/Managed'
Mono path[1] = 'C:/Program Files/Unity/2021.3.31f1/Editor/Data/MonoBleedingEdge/lib/mono/unityjit-win32'
Mono config path = 'C:/Program Files/Unity/2021.3.31f1/Editor/Data/MonoBleedingEdge/etc'
Using monoOptions --debugger-agent=transport=dt_socket,embedding=1,server=y,suspend=n,address=127.0.0.1:56836
Begin MonoManager ReloadAssembly
Registering precompiled unity dll's ...
Register platform support module: C:/Program Files/Unity/2021.3.31f1/Editor/Data/PlaybackEngines/WebGLSupport/UnityEditor.WebGL.Extensions.dll
Register platform support module: C:/Program Files/Unity/2021.3.31f1/Editor/Data/PlaybackEngines/AndroidPlayer/UnityEditor.Android.Extensions.dll
Register platform support module: C:/Program Files/Unity/2021.3.31f1/Editor/Data/PlaybackEngines/WindowsStandaloneSupport/UnityEditor.WindowsStandalone.Extensions.dll
Register platform support module: C:/Program Files/Unity/2021.3.31f1/Editor/Data/PlaybackEngines/MetroSupport/UnityEditor.UWP.Extensions.dll
Registered in 0.010790 seconds.
Native extension for UWP target not found
Native extension for WindowsStandalone target not found
Native extension for Android target not found
Android Extension - Scanning For ADB Devices 358 ms
Native extension for WebGL target not found
Refreshing native plugins compatible for Editor in 70.60 ms, found 3 plugins.
Preloading 0 native plugins for Editor in 0.00 ms.
Mono: successfully reloaded assembly
- Completed reload, in  1.064 seconds
Domain Reload Profiling:
	ReloadAssembly (1065ms)
		BeginReloadAssembly (101ms)
			ExecutionOrderSort (0ms)
			DisableScriptedObjects (0ms)
			BackupInstance (0ms)
			ReleaseScriptingObjects (0ms)
			CreateAndSetChildDomain (1ms)
		EndReloadAssembly (855ms)
			LoadAssemblies (99ms)
			RebuildTransferFunctionScriptingTraits (0ms)
			SetupTypeCache (115ms)
			ReleaseScriptCaches (0ms)
			RebuildScriptCaches (28ms)
			SetupLoadedEditorAssemblies (669ms)
				LogAssemblyErrors (0ms)
				InitializePlatformSupportModulesInManaged (475ms)
				SetLoadedEditorAssemblies (0ms)
				RefreshPlugins (71ms)
				BeforeProcessingInitializeOnLoad (1ms)
				ProcessInitializeOnLoadAttributes (81ms)
				ProcessInitializeOnLoadMethodAttributes (40ms)
				AfterProcessingInitializeOnLoad (0ms)
				EditorAssembliesLoaded (0ms)
			ExecutionOrderSort2 (0ms)
			AwakeInstancesAfterBackupRestoration (0ms)
Platform modules already initialized, skipping
Registering precompiled user dll's ...
Registered in 0.004127 seconds.
Begin MonoManager ReloadAssembly
Native extension for UWP target not found
Native extension for WindowsStandalone target not found
Native extension for Android target not found
Native extension for WebGL target not found
Refreshing native plugins compatible for Editor in 0.73 ms, found 3 plugins.
Preloading 0 native plugins for Editor in 0.00 ms.
Package Manager log level set to [2]
[Package Manager] Server::EnsureServerProcessIsRunning -- launch failed, reason: Unity was launched with the -noUpm command-line argument
[Package Manager] Cannot connect to Unity Package Manager local server
Mono: successfully reloaded assembly
- Completed reload, in  1.402 seconds
Domain Reload Profiling:
	ReloadAssembly (1403ms)
		BeginReloadAssembly (145ms)
			ExecutionOrderSort (0ms)
			DisableScriptedObjects (6ms)
			BackupInstance (0ms)
			ReleaseScriptingObjects (0ms)
			CreateAndSetChildDomain (23ms)
		EndReloadAssembly (1145ms)
			LoadAssemblies (113ms)
			RebuildTransferFunctionScriptingTraits (0ms)
			SetupTypeCache (264ms)
			ReleaseScriptCaches (1ms)
			RebuildScriptCaches (47ms)
			SetupLoadedEditorAssemblies (697ms)
				LogAssemblyErrors (0ms)
				InitializePlatformSupportModulesInManaged (24ms)
				SetLoadedEditorAssemblies (0ms)
				RefreshPlugins (1ms)
				BeforeProcessingInitializeOnLoad (79ms)
				ProcessInitializeOnLoadAttributes (563ms)
				ProcessInitializeOnLoadMethodAttributes (19ms)
				AfterProcessingInitializeOnLoad (11ms)
				EditorAssembliesLoaded (0ms)
			ExecutionOrderSort2 (0ms)
			AwakeInstancesAfterBackupRestoration (6ms)
Platform modules already initialized, skipping
========================================================================
Worker process is ready to serve import requests
Launched and connected shader compiler UnityShaderCompiler.exe after 0.06 seconds
Refreshing native plugins compatible for Editor in 0.66 ms, found 3 plugins.
Preloading 0 native plugins for Editor in 0.00 ms.
Unloading 3078 Unused Serialized files (Serialized files now loaded: 0)
Unloading 23 unused Assets / (46.4 KB). Loaded Objects now: 3542.
Memory consumption went from 114.2 MB to 114.1 MB.
Total: 3.433200 ms (FindLiveObjects: 0.352700 ms CreateObjectMapping: 0.079000 ms MarkObjects: 2.921200 ms  DeleteObjects: 0.077600 ms)

AssetImportParameters requested are different than current active one (requested -> active):
  custom:video-decoder-ogg-theora: a1e56fd34408186e4bbccfd4996cb3dc -> 
  custom:container-muxer-webm: aa71ff27fc2769a1b78a27578f13a17b -> 
  custom:container-demuxer-webm: 4f35f7cbe854078d1ac9338744f61a02 -> 
  custom:video-encoder-webm-vp8: eb34c28f22e8b96e1ab97ce403110664 -> 
  custom:CustomObjectIndexerAttribute: bc11b3a6c3213fcdd17b65e7da85e133 -> 
  custom:audio-encoder-webm-vorbis: bf7c407c2cedff20999df2af8eb42d56 -> 
  custom:framework-win-MediaFoundation: 216162199b28c13a410421893ffa2e32 -> 
  custom:SearchIndexIgnoredProperties: e643bd26f0fe6173181afceb89e7c659 -> 
  custom:container-demuxer-ogg: 62fdf1f143b41e24485cea50d1cbac27 -> 
  custom:video-decoder-webm-vp8: 9c59270c3fd7afecdb556c50c9e8de78 -> 
  custom:audio-decoder-ogg-vorbis: bf7c407c2cedff20999df2af8eb42d56 -> 
========================================================================
Received Import Request.
  Time since last request: 2640740.647288 seconds.
  path: Assets/Models/wall-narrow.fbx
  artifactKey: Guid(7a5711b6b5347da47bc21dc2200fdd3b) Importer(815301076,1909f56bfc062723c751e8b465ee728b)
Number of updated assets reloaded before import = 0
Start importing Assets/Models/wall-narrow.fbx using Guid(7a5711b6b5347da47bc21dc2200fdd3b) Importer(815301076,1909f56bfc062723c751e8b465ee728b)  -> (artifact id: '11be474ae2718856a88e808bd7456efb') in 0.239178 seconds 
Number of asset objects unloaded after import = 9
========================================================================
Received Import Request.
  Time since last request: 223.954753 seconds.
  path: Assets/3DGe_DevTool/Modules/Variants/Mod_Corner_Turn_Left_2.asset
  artifactKey: Guid(1da601ec6d5015c4db0d35bd63d3c703) Importer(815301076,1909f56bfc062723c751e8b465ee728b)
Number of updated assets reloaded before import = 0
Start importing Assets/3DGe_DevTool/Modules/Variants/Mod_Corner_Turn_Left_2.asset using Guid(1da601ec6d5015c4db0d35bd63d3c703) Importer(815301076,1909f56bfc062723c751e8b465ee728b)  -> (artifact id: '4fca2e6fdba70f9bfbc4d4261a1417b5') in 0.013547 seconds 
Number of asset objects unloaded after import = 1
========================================================================
Received Import Request.
  Time since last request: 0.000037 seconds.
  path: Assets/3DGe_DevTool/Modules/Variants/Mod_Corner_Turn_Left_3.asset
  artifactKey: Guid(c76510f528e5f46438c263ee1de30e79) Importer(815301076,1909f56bfc062723c751e8b465ee728b)
Number of updated assets reloaded before import = 0
Start importing Assets/3DGe_DevTool/Modules/Variants/Mod_Corner_Turn_Left_3.asset using Guid(c76510f528e5f46438c263ee1de30e79) Importer(815301076,1909f56bfc062723c751e8b465ee728b)  -> (artifact id: '29b30a6602d5f472c41ab52940784e34') in 0.014888 seconds 
Number of asset objects unloaded after import = 1
========================================================================
Received Import Request.
  Time since last request: 0.000032 seconds.
  path: Assets/3DGe_DevTool/Modules/Variants/Mod_DirtCross_2.asset
  artifactKey: Guid(225fa34ccb06dd740827a26143073417) Importer(815301076,1909f56bfc062723c751e8b465ee728b)
Number of updated assets reloaded before import = 0
Start importing Assets/3DGe_DevTool/Modules/Variants/Mod_DirtCross_2.asset using Guid(225fa34ccb06dd740827a26143073417) Importer(815301076,1909f56bfc062723c751e8b465ee728b)  -> (artifact id: 'bfe570af3da7fe4c1de29f9b619635fc') in 0.012043 seconds 
Number of asset objects unloaded after import = 1
========================================================================
Received Import Request.
  Time since last request: 0.000041 seconds.
  path: Assets/3DGe_DevTool/Modules/Variants/Mod_Dirt_Wall_Turn_3.asset
  artifactKey: Guid(8a67cd574cf464d4790506092cb0d89b) Importer(815301076,1909f56bfc062723c751e8b465ee728b)
Number of updated assets reloaded before import = 0
Start importing Assets/3DGe_DevTool/Modules/Variants/Mod_Dirt_Wall_Turn_3.asset using Guid(8a67cd574cf464d4790506092cb0d89b) Importer(815301076,1909f56bfc062723c751e8b465ee728b)  -> (artifact id: 'da46d2cff9be3d62e68ee1a88504d03c') in 0.011686 seconds 
Number of asset objects unloaded after import = 1
========================================================================
Received Import Request.
  Time since last request: 0.000038 seconds.
  path: Assets/3DGe_DevTool/Modules/Variants/Mod_Middle_Edge_1.asset
  artifactKey: Guid(42166c8217f13a546aade1c8fca7c43f) Importer(815301076,1909f56bfc062723c751e8b465ee728b)
Number of updated assets reloaded before import = 0
Start importing Assets/3DGe_DevTool/Modules/Variants/Mod_Middle_Edge_1.asset using Guid(42166c8217f13a546aade1c8fca7c43f) Importer(815301076,1909f56bfc062723c751e8b465ee728b)  -> (artifact id: '574b2356dff5af38f20442e22bdf1ee6') in 0.011561 seconds 
Number of asset objects unloaded after import = 1
========================================================================
Received Import Request.
  Time since last request: 0.000051 seconds.
  path: Assets/3DGe_DevTool/Modules/Variants/Mod_Middle_Wall_Turn_1.asset
  artifactKey: Guid(b76832f33cd973f47b99947df1b591be) Importer(815301076,1909f56bfc062723c751e8b465ee728b)
Number of updated assets reloaded before import = 0
Start importing Assets/3DGe_DevTool/Modules/Variants/Mod_Middle_Wall_Turn_1.asset using Guid(b76832f33cd973f47b99947df1b591be) Importer(815301076,1909f56bfc062723c751e8b465ee728b)  -> (artifact id: 'd468a7617044c1f52ddf783a368d0e05') in 0.010069 seconds 
Number of asset objects unloaded after import = 1
========================================================================
Received Import Request.
  Time since last request: 0.000027 seconds.
  path: Assets/3DGe_DevTool/Modules/Variants/Mod_Middle-Corner_1.asset
  artifactKey: Guid(54f7b03f8d152fe4e83b6660b729917d) Importer(815301076,1909f56bfc062723c751e8b465ee728b)
Number of updated assets reloaded before import = 0
Start importing Assets/3DGe_DevTool/Modules/Variants/Mod_Middle-Corner_1.asset using Guid(54f7b03f8d152fe4e83b6660b729917d) Importer(815301076,1909f56bfc062723c751e8b465ee728b)  -> (artifact id: '9de2cf519d92aeca3398b9cfba8c94dc') in 0.008374 seconds 
Number of asset objects unloaded after import = 1
========================================================================
Received Import Request.
  Time since last request: 0.000023 seconds.
  path: Assets/3DGe_DevTool/Modules/Variants/Mod_Dirt_Wall_Edge_3.asset
  artifactKey: Guid(1563c2198250c3f408bc739dba0942e8) Importer(815301076,1909f56bfc062723c751e8b465ee728b)
Number of updated assets reloaded before import = 0
Start importing Assets/3DGe_DevTool/Modules/Variants/Mod_Dirt_Wall_Edge_3.asset using Guid(1563c2198250c3f408bc739dba0942e8) Importer(815301076,1909f56bfc062723c751e8b465ee728b)  -> (artifact id: 'a547b2cf0eca38ab25c9ff06e6fd00f0') in 0.011226 seconds 
Number of asset objects unloaded after import = 1
========================================================================
Received Import Request.
  Time since last request: 0.000019 seconds.
  path: Assets/3DGe_DevTool/Modules/Variants/Mod_Dirt_Wall_Turn_1.asset
  artifactKey: Guid(c35110763cedf1d45bb86bb9b6822ba8) Importer(815301076,1909f56bfc062723c751e8b465ee728b)
Number of updated assets reloaded before import = 0
Start importing Assets/3DGe_DevTool/Modules/Variants/Mod_Dirt_Wall_Turn_1.asset using Guid(c35110763cedf1d45bb86bb9b6822ba8) Importer(815301076,1909f56bfc062723c751e8b465ee728b)  -> (artifact id: 'c0ecafad2d7afae351d5c808d0b8e642') in 0.010039 seconds 
Number of asset objects unloaded after import = 1
========================================================================
Received Import Request.
  Time since last request: 0.000023 seconds.
  path: Assets/3DGe_DevTool/Modules/Variants/Mod_MiddleTopCross_3.asset
  artifactKey: Guid(693f9c52f456ebd468cac6e2345e4083) Importer(815301076,1909f56bfc062723c751e8b465ee728b)
Number of updated assets reloaded before import = 0
Start importing Assets/3DGe_DevTool/Modules/Variants/Mod_MiddleTopCross_3.asset using Guid(693f9c52f456ebd468cac6e2345e4083) Importer(815301076,1909f56bfc062723c751e8b465ee728b)  -> (artifact id: 'e95f51058a7543f60403b06ed462db7f') in 0.010353 seconds 
Number of asset objects unloaded after import = 1
========================================================================
Received Import Request.
  Time since last request: 0.000024 seconds.
  path: Assets/3DGe_DevTool/Modules/Variants/Mod_DirtCross_3.asset
  artifactKey: Guid(2d3d2b4df3473a249960f94a0547e82a) Importer(815301076,1909f56bfc062723c751e8b465ee728b)
Number of updated assets reloaded before import = 0
Start importing Assets/3DGe_DevTool/Modules/Variants/Mod_DirtCross_3.asset using Guid(2d3d2b4df3473a249960f94a0547e82a) Importer(815301076,1909f56bfc062723c751e8b465ee728b)  -> (artifact id: '287891f8d27aaca0fb92674e4143763f') in 0.009214 seconds 
Number of asset objects unloaded after import = 1
========================================================================
Received Import Request.
  Time since last request: 0.000028 seconds.
  path: Assets/3DGe_DevTool/Modules/Variants/Mod_Top-Edge_1.asset
  artifactKey: Guid(b2e095569dda48d43bd6ec7dd175da17) Importer(815301076,1909f56bfc062723c751e8b465ee728b)
Number of updated assets reloaded before import = 0
Start importing Assets/3DGe_DevTool/Modules/Variants/Mod_Top-Edge_1.asset using Guid(b2e095569dda48d43bd6ec7dd175da17) Importer(815301076,1909f56bfc062723c751e8b465ee728b)  -> (artifact id: 'b64ff3162be4d73ffdf1e28243d18ebd') in 0.009502 seconds 
Number of asset objects unloaded after import = 1
========================================================================
Received Import Request.
  Time since last request: 0.000022 seconds.
  path: Assets/3DGe_DevTool/Modules/Variants/Mod_Edge_Corner_Right_1.asset
  artifactKey: Guid(c6b50e67155092940b374e88b8a3507a) Importer(815301076,1909f56bfc062723c751e8b465ee728b)
Number of updated assets reloaded before import = 0
Start importing Assets/3DGe_DevTool/Modules/Variants/Mod_Edge_Corner_Right_1.asset using Guid(c6b50e67155092940b374e88b8a3507a) Importer(815301076,1909f56bfc062723c751e8b465ee728b)  -> (artifact id: '94355600d527a198e11ab279417fbb2c') in 0.010160 seconds 
Number of asset objects unloaded after import = 1
========================================================================
Received Import Request.
  Time since last request: 0.000049 seconds.
  path: Assets/3DGe_DevTool/Modules/Variants/Mod_MiddleCrossReg_2.asset
  artifactKey: Guid(9acf793e023bd474da7d941ae51b195a) Importer(815301076,1909f56bfc062723c751e8b465ee728b)
Number of updated assets reloaded before import = 0
Start importing Assets/3DGe_DevTool/Modules/Variants/Mod_MiddleCrossReg_2.asset using Guid(9acf793e023bd474da7d941ae51b195a) Importer(815301076,1909f56bfc062723c751e8b465ee728b)  -> (artifact id: '1a1267807f4a05188805214c2b185347') in 0.009006 seconds 
Number of asset objects unloaded after import = 1
========================================================================
Received Import Request.
  Time since last request: 0.000032 seconds.
  path: Assets/3DGe_DevTool/Modules/Variants/Mod_Top-Corner_1.asset
  artifactKey: Guid(358e805ad08edbe488782cf008ac61ee) Importer(815301076,1909f56bfc062723c751e8b465ee728b)
Number of updated assets reloaded before import = 0
Start importing Assets/3DGe_DevTool/Modules/Variants/Mod_Top-Corner_1.asset using Guid(358e805ad08edbe488782cf008ac61ee) Importer(815301076,1909f56bfc062723c751e8b465ee728b)  -> (artifact id: 'fb17d294538ebad49d73cfbe9bd6a6b2') in 0.008757 seconds 
Number of asset objects unloaded after import = 1
========================================================================
Received Import Request.
  Time since last request: 0.000027 seconds.
  path: Assets/3DGe_DevTool/Modules/Variants/Mod_Middle_Edge_2.asset
  artifactKey: Guid(492c2bb344e6f42479d96bf415643262) Importer(815301076,1909f56bfc062723c751e8b465ee728b)
Number of updated assets reloaded before import = 0
Start importing Assets/3DGe_DevTool/Modules/Variants/Mod_Middle_Edge_2.asset using Guid(492c2bb344e6f42479d96bf415643262) Importer(815301076,1909f56bfc062723c751e8b465ee728b)  -> (artifact id: '8903de7de2584043ed43302ba87b0f5c') in 0.009384 seconds 
Number of asset objects unloaded after import = 1
========================================================================
Received Import Request.
  Time since last request: 0.000025 seconds.
  path: Assets/3DGe_DevTool/Modules/Variants/Mod_Middle_Wall_Turn_2.asset
  artifactKey: Guid(ce8c6ae841965fb4ea74934d89050f04) Importer(815301076,1909f56bfc062723c751e8b465ee728b)
Number of updated assets reloaded before import = 0
Start importing Assets/3DGe_DevTool/Modules/Variants/Mod_Middle_Wall_Turn_2.asset using Guid(ce8c6ae841965fb4ea74934d89050f04) Importer(815301076,1909f56bfc062723c751e8b465ee728b)  -> (artifact id: '231198c1836c1cffb7fa99272eaad156') in 0.009747 seconds 
Number of asset objects unloaded after import = 1
========================================================================
Received Import Request.
  Time since last request: 0.000020 seconds.
  path: Assets/3DGe_DevTool/Modules/Variants/Mod_Dirt_Wall_Edge_2.asset
  artifactKey: Guid(f0a5158506c07fa42a521107ec30357c) Importer(815301076,1909f56bfc062723c751e8b465ee728b)
Number of updated assets reloaded before import = 0
Start importing Assets/3DGe_DevTool/Modules/Variants/Mod_Dirt_Wall_Edge_2.asset using Guid(f0a5158506c07fa42a521107ec30357c) Importer(815301076,1909f56bfc062723c751e8b465ee728b)  -> (artifact id: 'e3ca813b13439d1cef21b872ccb36785') in 0.008836 seconds 
Number of asset objects unloaded after import = 1
========================================================================
Received Import Request.
  Time since last request: 0.000021 seconds.
  path: Assets/3DGe_DevTool/Modules/Variants/Mod_MiddleCrossReg_1.asset
  artifactKey: Guid(d96d4e6e62c892b4c87858674f8c6cea) Importer(815301076,1909f56bfc062723c751e8b465ee728b)
Number of updated assets reloaded before import = 0
Start importing Assets/3DGe_DevTool/Modules/Variants/Mod_MiddleCrossReg_1.asset using Guid(d96d4e6e62c892b4c87858674f8c6cea) Importer(815301076,1909f56bfc062723c751e8b465ee728b)  -> (artifact id: '2390727861dfab3eaa4a1deb508ac0af') in 0.010322 seconds 
Number of asset objects unloaded after import = 1
========================================================================
Received Import Request.
  Time since last request: 0.000021 seconds.
  path: Assets/3DGe_DevTool/Modules/Variants/Mod_Top-Edge_3.asset
  artifactKey: Guid(d3a81f9b00dc69340b7d61d578ca1fdb) Importer(815301076,1909f56bfc062723c751e8b465ee728b)
Number of updated assets reloaded before import = 0
Start importing Assets/3DGe_DevTool/Modules/Variants/Mod_Top-Edge_3.asset using Guid(d3a81f9b00dc69340b7d61d578ca1fdb) Importer(815301076,1909f56bfc062723c751e8b465ee728b)  -> (artifact id: '165d1994591d31c61b2f46d75fb96677') in 0.010195 seconds 
Number of asset objects unloaded after import = 1
========================================================================
Received Import Request.
  Time since last request: 0.000024 seconds.
  path: Assets/3DGe_DevTool/Modules/Variants/Mod_Right-Half_Turn_Wall_2.asset
  artifactKey: Guid(c88356234e269b54a9d31cc2a5d3c197) Importer(815301076,1909f56bfc062723c751e8b465ee728b)
Number of updated assets reloaded before import = 0
Start importing Assets/3DGe_DevTool/Modules/Variants/Mod_Right-Half_Turn_Wall_2.asset using Guid(c88356234e269b54a9d31cc2a5d3c197) Importer(815301076,1909f56bfc062723c751e8b465ee728b)  -> (artifact id: 'a633b1b3d48fee3bfcbde41dae7b8e44') in 0.009717 seconds 
Number of asset objects unloaded after import = 1
========================================================================
Received Import Request.
  Time since last request: 0.000023 seconds.
  path: Assets/3DGe_DevTool/Modules/Variants/Mod_MiddleTopCross_1.asset
  artifactKey: Guid(9af06afd11185594b99310d73c2f1351) Importer(815301076,1909f56bfc062723c751e8b465ee728b)
Number of updated assets reloaded before import = 0
Start importing Assets/3DGe_DevTool/Modules/Variants/Mod_MiddleTopCross_1.asset using Guid(9af06afd11185594b99310d73c2f1351) Importer(815301076,1909f56bfc062723c751e8b465ee728b)  -> (artifact id: '2353dc54f2726e7dd8bfd5189bf751b2') in 0.009507 seconds 
Number of asset objects unloaded after import = 1
========================================================================
Received Import Request.
  Time since last request: 0.000041 seconds.
  path: Assets/3DGe_DevTool/Modules/Variants/Mod_Top_Turn_Corner_1.asset
  artifactKey: Guid(372cd878d3cda9e4fb5d85d42132bb4f) Importer(815301076,1909f56bfc062723c751e8b465ee728b)
Number of updated assets reloaded before import = 0
Start importing Assets/3DGe_DevTool/Modules/Variants/Mod_Top_Turn_Corner_1.asset using Guid(372cd878d3cda9e4fb5d85d42132bb4f) Importer(815301076,1909f56bfc062723c751e8b465ee728b)  -> (artifact id: '99ecbdfd21fed2e05a45d9bd2ddfb459') in 0.010528 seconds 
Number of asset objects unloaded after import = 1
========================================================================
Received Import Request.
  Time since last request: 0.000030 seconds.
  path: Assets/3DGe_DevTool/Modules/Variants/Mod_Middle-Corner_2.asset
  artifactKey: Guid(cca761e17b056b14d9d1513ed6a91330) Importer(815301076,1909f56bfc062723c751e8b465ee728b)
Number of updated assets reloaded before import = 0
Start importing Assets/3DGe_DevTool/Modules/Variants/Mod_Middle-Corner_2.asset using Guid(cca761e17b056b14d9d1513ed6a91330) Importer(815301076,1909f56bfc062723c751e8b465ee728b)  -> (artifact id: 'f87a6ada8b8f8d4a7ab626a4ae7398de') in 0.010881 seconds 
Number of asset objects unloaded after import = 1
========================================================================
Received Import Request.
  Time since last request: 0.000029 seconds.
  path: Assets/3DGe_DevTool/Modules/Variants/Mod_Top-Edge_2.asset
  artifactKey: Guid(df36e6ec84b8bca4db086816f912c542) Importer(815301076,1909f56bfc062723c751e8b465ee728b)
Number of updated assets reloaded before import = 0
Start importing Assets/3DGe_DevTool/Modules/Variants/Mod_Top-Edge_2.asset using Guid(df36e6ec84b8bca4db086816f912c542) Importer(815301076,1909f56bfc062723c751e8b465ee728b)  -> (artifact id: 'a206c65fe1a37995230883b9cda8a7a7') in 0.008700 seconds 
Number of asset objects unloaded after import = 1
========================================================================
Received Import Request.
  Time since last request: 0.000037 seconds.
  path: Assets/3DGe_DevTool/Modules/Variants/Mod_Middle_Wall_Turn_3.asset
  artifactKey: Guid(db61746c852d8ae498b00414d5ac75f5) Importer(815301076,1909f56bfc062723c751e8b465ee728b)
Number of updated assets reloaded before import = 0
Start importing Assets/3DGe_DevTool/Modules/Variants/Mod_Middle_Wall_Turn_3.asset using Guid(db61746c852d8ae498b00414d5ac75f5) Importer(815301076,1909f56bfc062723c751e8b465ee728b)  -> (artifact id: '4a8785fa534b8f618959cd064904631e') in 0.008839 seconds 
Number of asset objects unloaded after import = 1
========================================================================
Received Import Request.
  Time since last request: 23.008565 seconds.
  path: Assets/3DGe_DevTool/Modules/Variants/Mod_TopCross_3.asset
  artifactKey: Guid(ffdc699027c8e334cae60e2a3c594555) Importer(815301076,1909f56bfc062723c751e8b465ee728b)
Number of updated assets reloaded before import = 0
Start importing Assets/3DGe_DevTool/Modules/Variants/Mod_TopCross_3.asset using Guid(ffdc699027c8e334cae60e2a3c594555) Importer(815301076,1909f56bfc062723c751e8b465ee728b)  -> (artifact id: '1ecd2267652fec1e371530af6046cec2') in 0.009429 seconds 
Number of asset objects unloaded after import = 1
========================================================================
Received Import Request.
  Time since last request: 0.000028 seconds.
  path: Assets/3DGe_DevTool/Modules/Variants/Mod_TurnCross_2.asset
  artifactKey: Guid(92a9b31365e2b3c45a8a03d230f02cf9) Importer(815301076,1909f56bfc062723c751e8b465ee728b)
Number of updated assets reloaded before import = 0
Start importing Assets/3DGe_DevTool/Modules/Variants/Mod_TurnCross_2.asset using Guid(92a9b31365e2b3c45a8a03d230f02cf9) Importer(815301076,1909f56bfc062723c751e8b465ee728b)  -> (artifact id: '517daa0f7842d9ea71dfb53af267bdb9') in 0.009719 seconds 
Number of asset objects unloaded after import = 1
Editor requested this worker to shutdown with reason: Scaling down because of idle timeout
AssetImportWorker is now disconnected from the server
Process exiting
Exiting without the bug reporter. Application will terminate with return code 0